Start testing: Feb 26 12:29 CET
----------------------------------------------------------
1/6 Testing: Containers_test
1/6 Test: Containers_test
Command: "/home/gcistaro/NEGF/header/Containers_test"
Directory: /home/gcistaro/NEGF/header
"Containers_test" start time: Feb 26 12:29 CET
Output:
----------------------------------------------------------
<end of output>
Test time =   0.01 sec
----------------------------------------------------------
Test Passed.
"Containers_test" end time: Feb 26 12:29 CET
"Containers_test" time elapsed: 00:00:00
----------------------------------------------------------

2/6 Testing: Matrix_test
2/6 Test: Matrix_test
Command: "/home/gcistaro/NEGF/header/Matrix_test"
Directory: /home/gcistaro/NEGF/header
"Matrix_test" start time: Feb 26 12:29 CET
Output:
----------------------------------------------------------
Testing matrix multiplication...
C:
              3              7              6
              4              7              7
              3              9              7

dummy_C:
              3              7              6
              4              7              7
              3              9              7

0
Testing inverse...
<end of output>
Test time =   0.02 sec
----------------------------------------------------------
Test Passed.
"Matrix_test" end time: Feb 26 12:29 CET
"Matrix_test" time elapsed: 00:00:00
----------------------------------------------------------

3/6 Testing: Eigen_test
3/6 Test: Eigen_test
Command: "/home/gcistaro/NEGF/header/Eigen_test"
Directory: /home/gcistaro/NEGF/header
"Eigen_test" start time: Feb 26 12:29 CET
Output:
----------------------------------------------------------
Ut.M.U  
(-10.674,-1.359e-312)(0,-9.8813e-324)(-4.996e-16,-1.4822e-323)
(0,4.9407e-324)(3.2301,4.1125e-313)(-8.6042e-16,-4.9407e-324)
(1.1102e-16,-9.8813e-324) (-9.992e-16,0)(14.444,1.839e-312)

Lambda:  
    (-10.674,0)          (0,0)          (0,0)
          (0,0)     (3.2301,0)          (0,0)
          (0,0)          (0,0)     (14.444,0)

<end of output>
Test time =   0.02 sec
----------------------------------------------------------
Test Passed.
"Eigen_test" end time: Feb 26 12:29 CET
"Eigen_test" time elapsed: 00:00:00
----------------------------------------------------------

4/6 Testing: RK_test
4/6 Test: RK_test
Command: "/home/gcistaro/NEGF/header/RK_test"
Directory: /home/gcistaro/NEGF/header
"RK_test" start time: Feb 26 12:29 CET
Output:
----------------------------------------------------------
Initializing RK object..  done
+---------+------------+--------------------+---------------------+-------------------+
|  step   |    time    | Numerical solution | Analytical solution |      Error(%)     |
+---------+------------+--------------------+---------------------+-------------------+
|      0  |  0.00e+00  |    1.00000000e+00  |    1.00000000e+00   |   0.00000000e+00  |
|    100  |  1.00e-01  |    1.22140276e+00  |    1.22140276e+00   |   2.58148540e-12  |
|    200  |  2.00e-01  |    1.49182470e+00  |    1.49182470e+00   |   5.16478096e-12  |
|    300  |  3.00e-01  |    1.82211880e+00  |    1.82211880e+00   |   7.84782669e-12  |
|    400  |  4.00e-01  |    2.22554093e+00  |    2.22554093e+00   |   1.05158710e-11  |
|    500  |  5.00e-01  |    2.71828183e+00  |    2.71828183e+00   |   1.32820859e-11  |
|    600  |  6.00e-01  |    3.32011692e+00  |    3.32011692e+00   |   1.60508519e-11  |
|    700  |  7.00e-01  |    4.05519997e+00  |    4.05519997e+00   |   1.87482919e-11  |
|    800  |  8.00e-01  |    4.95303242e+00  |    4.95303242e+00   |   2.13749595e-11  |
|    900  |  9.00e-01  |    6.04964746e+00  |    6.04964746e+00   |   2.39014666e-11  |
|   1000  |  1.00e+00  |    7.38905610e+00  |    7.38905610e+00   |   2.64564333e-11  |
|   1100  |  1.10e+00  |    9.02501350e+00  |    9.02501350e+00   |   2.68667419e-11  |
|   1200  |  1.20e+00  |    1.10231764e+01  |    1.10231764e+01   |   2.72178055e-11  |
|   1300  |  1.30e+00  |    1.34637380e+01  |    1.34637380e+01   |   2.77330268e-11  |
|   1400  |  1.40e+00  |    1.64446468e+01  |    1.64446468e+01   |   2.83445453e-11  |
|   1500  |  1.50e+00  |    2.00855369e+01  |    2.00855369e+01   |   2.88843732e-11  |
|   1600  |  1.60e+00  |    2.45325302e+01  |    2.45325302e+01   |   2.93977372e-11  |
|   1700  |  1.70e+00  |    2.99641000e+01  |    2.99641000e+01   |   2.99378324e-11  |
|   1800  |  1.80e+00  |    3.65982344e+01  |    3.65982344e+01   |   3.06751825e-11  |
|   1900  |  1.90e+00  |    4.47011845e+01  |    4.47011845e+01   |   3.09324278e-11  |
|   2000  |  2.00e+00  |    5.45981500e+01  |    5.45981500e+01   |   3.14289167e-11  |
|   2100  |  2.10e+00  |    6.66863310e+01  |    6.66863310e+01   |   3.19863045e-11  |
|   2200  |  2.20e+00  |    8.14508687e+01  |    8.14508687e+01   |   3.24865921e-11  |
|   2300  |  2.30e+00  |    9.94843156e+01  |    9.94843156e+01   |   3.29829515e-11  |
|   2400  |  2.40e+00  |    1.21510418e+02  |    1.21510418e+02   |   3.33546362e-11  |
|   2500  |  2.50e+00  |    1.48413159e+02  |    1.48413159e+02   |   3.40302558e-11  |
|   2600  |  2.60e+00  |    1.81272242e+02  |    1.81272242e+02   |   3.45565581e-11  |
|   2700  |  2.70e+00  |    2.21406416e+02  |    2.21406416e+02   |   3.50832344e-11  |
|   2800  |  2.80e+00  |    2.70426407e+02  |    2.70426407e+02   |   3.55026476e-11  |
|   2900  |  2.90e+00  |    3.30299560e+02  |    3.30299560e+02   |   3.58649236e-11  |
|   3000  |  3.00e+00  |    4.03428793e+02  |    4.03428793e+02   |   3.62255824e-11  |
|   3100  |  3.10e+00  |    4.92749041e+02  |    4.92749041e+02   |   3.66844087e-11  |
|   3200  |  3.20e+00  |    6.01845038e+02  |    6.01845038e+02   |   3.70427394e-11  |
|   3300  |  3.30e+00  |    7.35095189e+02  |    7.35095189e+02   |   3.74267376e-11  |
|   3400  |  3.40e+00  |    8.97847292e+02  |    8.97847292e+02   |   3.78598508e-11  |
|   3500  |  3.50e+00  |    1.09663316e+03  |    1.09663316e+03   |   3.81294498e-11  |
|   3600  |  3.60e+00  |    1.33943076e+03  |    1.33943076e+03   |   3.86869273e-11  |
|   3700  |  3.70e+00  |    1.63598443e+03  |    1.63598443e+03   |   3.90541631e-11  |
|   3800  |  3.80e+00  |    1.99819590e+03  |    1.99819590e+03   |   3.94508133e-11  |
|   3900  |  3.90e+00  |    2.44060198e+03  |    2.44060198e+03   |   3.99482722e-11  |
|   4000  |  4.00e+00  |    2.98095799e+03  |    2.98095799e+03   |   4.02886508e-11  |
|   4100  |  4.10e+00  |    3.64095031e+03  |    3.64095031e+03   |   4.96594382e-11  |
|   4200  |  4.20e+00  |    4.44706675e+03  |    4.44706675e+03   |   5.91050199e-11  |
|   4300  |  4.30e+00  |    5.43165959e+03  |    5.43165959e+03   |   6.83670765e-11  |
|   4400  |  4.40e+00  |    6.63424401e+03  |    6.63424401e+03   |   7.78676500e-11  |
|   4500  |  4.50e+00  |    8.10308393e+03  |    8.10308393e+03   |   8.72782618e-11  |
|   4600  |  4.60e+00  |    9.89712906e+03  |    9.89712906e+03   |   9.64895407e-11  |
|   4700  |  4.70e+00  |    1.20883807e+04  |    1.20883807e+04   |   1.05828504e-10  |
|   4800  |  4.80e+00  |    1.47647816e+04  |    1.47647816e+04   |   1.15251592e-10  |
|   4900  |  4.90e+00  |    1.80337449e+04  |    1.80337449e+04   |   1.24488659e-10  |
|   5000  |  5.00e+00  |    2.20264658e+04  |    2.20264658e+04   |   1.33733276e-10  |
|   5100  |  5.10e+00  |    2.69031861e+04  |    2.69031861e+04   |   1.43067872e-10  |
|   5200  |  5.20e+00  |    3.28596257e+04  |    3.28596257e+04   |   1.52407142e-10  |
|   5300  |  5.30e+00  |    4.01348374e+04  |    4.01348374e+04   |   1.61690616e-10  |
|   5400  |  5.40e+00  |    4.90208011e+04  |    4.90208011e+04   |   1.70986662e-10  |
|   5500  |  5.50e+00  |    5.98741417e+04  |    5.98741417e+04   |   1.80312663e-10  |
|   5600  |  5.60e+00  |    7.31304418e+04  |    7.31304418e+04   |   1.89533919e-10  |
|   5700  |  5.70e+00  |    8.93217234e+04  |    8.93217234e+04   |   1.98854960e-10  |
|   5800  |  5.80e+00  |    1.09097799e+05  |    1.09097799e+05   |   2.08159276e-10  |
|   5900  |  5.90e+00  |    1.33252353e+05  |    1.33252353e+05   |   2.17515895e-10  |
|   6000  |  6.00e+00  |    1.62754791e+05  |    1.62754791e+05   |   2.26582967e-10  |
|   6100  |  6.10e+00  |    1.98789151e+05  |    1.98789151e+05   |   2.36020350e-10  |
|   6200  |  6.20e+00  |    2.42801617e+05  |    2.42801617e+05   |   2.45403110e-10  |
|   6300  |  6.30e+00  |    2.96558565e+05  |    2.96558565e+05   |   2.54924723e-10  |
|   6400  |  6.40e+00  |    3.62217450e+05  |    3.62217450e+05   |   2.64300188e-10  |
|   6500  |  6.50e+00  |    4.42413392e+05  |    4.42413392e+05   |   2.73794023e-10  |
|   6600  |  6.60e+00  |    5.40364937e+05  |    5.40364937e+05   |   2.83279865e-10  |
|   6700  |  6.70e+00  |    6.60003225e+05  |    6.60003225e+05   |   2.92571441e-10  |
|   6800  |  6.80e+00  |    8.06129759e+05  |    8.06129759e+05   |   3.01937935e-10  |
|   6900  |  6.90e+00  |    9.84609111e+05  |    9.84609111e+05   |   3.11336572e-10  |
|   7000  |  7.00e+00  |    1.20260428e+06  |    1.20260428e+06   |   3.20726651e-10  |
|   7100  |  7.10e+00  |    1.46886419e+06  |    1.46886419e+06   |   3.30177721e-10  |
|   7200  |  7.20e+00  |    1.79407477e+06  |    1.79407477e+06   |   3.39472137e-10  |
|   7300  |  7.30e+00  |    2.19128788e+06  |    2.19128788e+06   |   3.48785698e-10  |
|   7400  |  7.40e+00  |    2.67644506e+06  |    2.67644506e+06   |   3.58304705e-10  |
|   7500  |  7.50e+00  |    3.26901737e+06  |    3.26901737e+06   |   3.67655367e-10  |
|   7600  |  7.60e+00  |    3.99278684e+06  |    3.99278684e+06   |   3.77050668e-10  |
|   7700  |  7.70e+00  |    4.87680085e+06  |    4.87680085e+06   |   3.86351372e-10  |
|   7800  |  7.80e+00  |    5.95653801e+06  |    5.95653801e+06   |   3.95776343e-10  |
|   7900  |  7.90e+00  |    7.27533196e+06  |    7.27533196e+06   |   4.05116436e-10  |
|   8000  |  8.00e+00  |    8.88611052e+06  |    8.88611052e+06   |   4.14488939e-10  |
|   8100  |  8.10e+00  |    1.08535199e+07  |    1.08535199e+07   |   4.05959278e-10  |
|   8200  |  8.20e+00  |    1.32565191e+07  |    1.32565191e+07   |   3.97440536e-10  |
|   8300  |  8.30e+00  |    1.61915490e+07  |    1.61915490e+07   |   3.89058877e-10  |
|   8400  |  8.40e+00  |    1.97764027e+07  |    1.97764027e+07   |   3.80696723e-10  |
|   8500  |  8.50e+00  |    2.41549528e+07  |    2.41549528e+07   |   3.72221309e-10  |
|   8600  |  8.60e+00  |    2.95029259e+07  |    2.95029259e+07   |   3.63766931e-10  |
|   8700  |  8.70e+00  |    3.60349551e+07  |    3.60349551e+07   |   3.55234036e-10  |
|   8800  |  8.80e+00  |    4.40131935e+07  |    4.40131935e+07   |   3.46991411e-10  |
|   8900  |  8.90e+00  |    5.37578360e+07  |    5.37578360e+07   |   3.38546612e-10  |
|   9000  |  9.00e+00  |    6.56599691e+07  |    6.56599691e+07   |   3.30192730e-10  |
|   9100  |  9.10e+00  |    8.01972674e+07  |    8.01972674e+07   |   3.21779430e-10  |
|   9200  |  9.20e+00  |    9.79531636e+07  |    9.79531636e+07   |   3.13332623e-10  |
|   9300  |  9.30e+00  |    1.19640264e+08  |    1.19640264e+08   |   3.04897710e-10  |
|   9400  |  9.40e+00  |    1.46128949e+08  |    1.46128949e+08   |   2.96495778e-10  |
|   9500  |  9.50e+00  |    1.78482301e+08  |    1.78482301e+08   |   2.88117685e-10  |
|   9600  |  9.60e+00  |    2.17998775e+08  |    2.17998775e+08   |   2.79541887e-10  |
|   9700  |  9.70e+00  |    2.66264305e+08  |    2.66264305e+08   |   2.71178169e-10  |
|   9800  |  9.80e+00  |    3.25215956e+08  |    3.25215956e+08   |   2.62727756e-10  |
|   9900  |  9.90e+00  |    3.97219666e+08  |    3.97219666e+08   |   2.54177516e-10  |
|  10000  |  1.00e+01  |    4.85165195e+08  |    4.85165195e+08   |   2.45782372e-10  |
<end of output>
Test time =   0.02 sec
----------------------------------------------------------
Test Passed.
"RK_test" end time: Feb 26 12:29 CET
"RK_test" time elapsed: 00:00:00
----------------------------------------------------------

5/6 Testing: fft_test
5/6 Test: fft_test
Command: "/home/gcistaro/NEGF/header/fft_test"
Directory: /home/gcistaro/NEGF/header
"fft_test" start time: Feb 26 12:29 CET
Output:
----------------------------------------------------------
0 0 (1,0)
1 1 (0.999,0)
2 2 (0.996008,0)
3 3 (0.99104,0)
4 4 (0.984127,0)
5 5 (0.97531,0)
6 6 (0.96464,0)
7 7 (0.952181,0)
8 8 (0.938005,0)
9 9 (0.922194,0)
10 10 (0.904837,0)
11 11 (0.886034,0)
12 12 (0.865888,0)
13 13 (0.844509,0)
14 14 (0.822012,0)
15 15 (0.798516,0)
16 16 (0.774142,0)
17 17 (0.749012,0)
18 18 (0.72325,0)
19 19 (0.696979,0)
20 20 (0.67032,0)
21 21 (0.643393,0)
22 22 (0.616313,0)
23 23 (0.589194,0)
24 24 (0.562142,0)
25 25 (0.535261,0)
26 26 (0.508648,0)
27 27 (0.482391,0)
28 28 (0.456576,0)
29 29 (0.431279,0)
30 30 (0.40657,0)
31 31 (0.38251,0)
32 32 (0.359155,0)
33 33 (0.336553,0)
34 34 (0.314743,0)
35 35 (0.293758,0)
36 36 (0.273624,0)
37 37 (0.254361,0)
38 38 (0.235982,0)
39 39 (0.218493,0)
40 40 (0.201897,0)
41 41 (0.186188,0)
42 42 (0.171358,0)
43 43 (0.157394,0)
44 44 (0.14428,0)
45 45 (0.131994,0)
46 46 (0.120513,0)
47 47 (0.10981,0)
48 48 (0.0998586,0)
49 49 (0.0906273,0)
50 50 (0.082085,0)
51 51 (0.0741993,0)
52 52 (0.0669372,0)
53 53 (0.0602652,0)
54 54 (0.0541499,0)
55 55 (0.0485578,0)
56 56 (0.0434563,0)
57 57 (0.038813,0)
58 58 (0.0345966,0)
59 59 (0.0307766,0)
60 60 (0.0273237,0)
61 61 (0.0242097,0)
62 62 (0.0214078,0)
63 63 (0.0188923,0)
64 64 (0.0166391,0)
65 65 (0.0146253,0)
66 66 (0.0128296,0)
67 67 (0.0112319,0)
68 68 (0.00981346,0)
69 69 (0.00855705,0)
70 70 (0.00744658,0)
71 71 (0.00646728,0)
72 72 (0.00560554,0)
73 73 (0.00484892,0)
74 74 (0.00418604,0)
75 75 (0.00360656,0)
76 76 (0.0031011,0)
77 77 (0.00266114,0)
78 78 (0.00227904,0)
79 79 (0.00194791,0)
80 80 (0.00166156,0)
81 81 (0.00141447,0)
82 82 (0.00120172,0)
83 83 (0.00101893,0)
84 84 (0.00086222,0)
85 85 (0.000728153,0)
86 86 (0.000613703,0)
87 87 (0.000516208,0)
88 88 (0.000433335,0)
89 89 (0.000363039,0)
90 90 (0.000303539,0)
91 91 (0.000253284,0)
92 92 (0.000210927,0)
93 93 (0.000175302,0)
94 94 (0.000145403,0)
95 95 (0.000120363,0)
96 96 (9.94356e-05,0)
97 97 (8.19829e-05,0)
98 98 (6.74584e-05,0)
99 99 (5.53962e-05,0)
100 100 (4.53999e-05,0)
101 101 (3.71332e-05,0)
102 102 (3.0311e-05,0)
103 103 (2.46928e-05,0)
104 104 (2.00757e-05,0)
105 105 (1.62893e-05,0)
106 106 (1.31907e-05,0)
107 107 (1.06601e-05,0)
108 108 (8.59784e-06,0)
109 109 (6.92066e-06,0)
110 110 (5.55951e-06,0)
111 111 (4.45715e-06,0)
112 112 (3.56624e-06,0)
113 113 (2.8477e-06,0)
114 114 (2.26939e-06,0)
115 115 (1.80491e-06,0)
116 116 (1.43263e-06,0)
117 117 (1.13486e-06,0)
118 118 (8.97188e-07,0)
119 119 (7.07874e-07,0)
120 120 (5.5739e-07,0)
121 121 (4.38021e-07,0)
122 122 (3.43527e-07,0)
123 123 (2.6888e-07,0)
124 124 (2.10033e-07,0)
125 125 (1.63738e-07,0)
126 126 (1.27392e-07,0)
127 127 (9.89155e-08,0)
128 128 (7.66512e-08,0)
129 129 (5.92796e-08,0)
130 130 (4.57534e-08,0)
131 131 (3.5243e-08,0)
132 132 (2.70927e-08,0)
133 133 (2.07857e-08,0)
134 134 (1.59151e-08,0)
135 135 (1.21614e-08,0)
136 136 (9.27447e-09,0)
137 137 (7.05873e-09,0)
138 138 (5.36162e-09,0)
139 139 (4.0644e-09,0)
140 140 (3.07488e-09,0)
141 141 (2.32162e-09,0)
142 142 (1.74939e-09,0)
143 143 (1.31556e-09,0)
144 144 (9.87347e-10,0)
145 145 (7.39535e-10,0)
146 146 (5.52814e-10,0)
147 147 (4.12411e-10,0)
148 148 (3.07053e-10,0)
149 149 (2.28154e-10,0)
150 150 (1.6919e-10,0)
151 151 (1.25214e-10,0)
152 152 (9.24827e-11,0)
153 153 (6.81711e-11,0)
154 154 (5.01501e-11,0)
155 155 (3.68193e-11,0)
156 156 (2.6978e-11,0)
157 157 (1.97276e-11,0)
158 158 (1.4397e-11,0)
159 159 (1.04858e-11,0)
160 160 (7.62187e-12,0)
161 161 (5.52908e-12,0)
162 162 (4.00291e-12,0)
163 163 (2.89221e-12,0)
164 164 (2.08553e-12,0)
165 165 (1.50083e-12,0)
166 166 (1.07791e-12,0)
167 167 (7.72612e-13,0)
168 168 (5.52678e-13,0)
169 169 (3.94562e-13,0)
170 170 (2.81119e-13,0)
171 171 (1.99892e-13,0)
172 172 (1.41851e-13,0)
173 173 (1.00462e-13,0)
174 174 (7.10069e-14,0)
175 175 (5.00877e-14,0)
176 176 (3.5261e-14,0)
177 177 (2.47735e-14,0)
178 178 (1.73706e-14,0)
179 179 (1.21554e-14,0)
180 180 (8.48904e-15,0)
181 181 (5.91669e-15,0)
182 182 (4.11557e-15,0)
183 183 (2.85701e-15,0)
184 184 (1.97937e-15,0)
185 185 (1.36858e-15,0)
186 186 (9.44383e-16,0)
187 187 (6.50364e-16,0)
188 188 (4.46988e-16,0)
189 189 (3.06596e-16,0)
190 190 (2.09879e-16,0)
191 191 (1.43385e-16,0)
192 192 (9.77616e-17,0)
193 193 (6.65219e-17,0)
194 194 (4.51745e-17,0)
195 195 (3.06163e-17,0)
196 196 (2.07082e-17,0)
197 197 (1.39787e-17,0)
198 198 (9.41714e-18,0)
199 199 (6.33147e-18,0)
200 200 (4.24835e-18,0)
201 201 (2.84491e-18,0)
202 202 (1.90129e-18,0)
203 203 (1.26812e-18,0)
204 204 (8.44113e-19,0)
205 205 (5.60757e-19,0)
206 206 (3.71774e-19,0)
207 207 (2.45989e-19,0)
208 208 (1.62436e-19,0)
209 209 (1.07049e-19,0)
210 210 (7.04066e-20,0)
211 211 (4.62142e-20,0)
212 212 (3.02739e-20,0)
213 213 (1.97922e-20,0)
214 214 (1.29137e-20,0)
215 215 (8.40887e-21,0)
216 216 (5.46458e-21,0)
217 217 (3.54411e-21,0)
218 218 (2.29398e-21,0)
219 219 (1.48184e-21,0)
220 220 (9.55316e-22,0)
221 221 (6.14643e-22,0)
222 222 (3.94667e-22,0)
223 223 (2.52912e-22,0)
224 224 (1.61748e-22,0)
225 225 (1.03239e-22,0)
226 226 (6.5762e-23,0)
227 227 (4.18061e-23,0)
228 228 (2.65238e-23,0)
229 229 (1.67943e-23,0)
230 230 (1.06126e-23,0)
231 231 (6.69287e-24,0)
232 232 (4.21244e-24,0)
233 233 (2.64598e-24,0)
234 234 (1.65871e-24,0)
235 235 (1.03774e-24,0)
236 236 (6.4794e-25,0)
237 237 (4.03751e-25,0)
238 238 (2.51087e-25,0)
239 239 (1.55835e-25,0)
240 240 (9.65246e-26,0)
241 241 (5.96681e-26,0)
242 242 (3.6811e-26,0)
243 243 (2.26644e-26,0)
244 244 (1.39266e-26,0)
245 245 (8.54031e-27,0)
246 246 (5.22679e-27,0)
247 247 (3.19248e-27,0)
248 248 (1.94604e-27,0)
249 249 (1.18388e-27,0)
250 250 (7.18778e-28,0)
251 251 (4.35525e-28,0)
252 252 (2.63368e-28,0)
253 253 (1.58944e-28,0)
254 254 (9.5732e-29,0)
255 255 (5.75442e-29,0)
256 256 (3.45205e-29,0)
257 257 (2.06673e-29,0)
258 258 (1.23487e-29,0)
259 259 (7.36363e-30,0)
260 260 (4.38221e-30,0)
261 261 (2.60271e-30,0)
262 262 (1.54273e-30,0)
263 263 (9.12609e-31,0)
264 264 (5.3878e-31,0)
265 265 (3.17446e-31,0)
266 266 (1.86664e-31,0)
267 267 (1.09542e-31,0)
268 268 (6.41554e-32,0)
269 269 (3.74988e-32,0)
270 270 (2.18742e-32,0)
271 271 (1.27344e-32,0)
272 272 (7.39873e-33,0)
273 273 (4.29009e-33,0)
274 274 (2.4826e-33,0)
275 275 (1.43377e-33,0)
276 276 (8.26387e-34,0)
277 277 (4.75356e-34,0)
278 278 (2.72889e-34,0)
279 279 (1.56345e-34,0)
280 280 (8.93949e-35,0)
281 281 (5.10121e-35,0)
282 282 (2.90513e-35,0)
283 283 (1.65116e-35,0)
284 284 (9.36579e-36,0)
285 285 (5.30189e-36,0)
286 286 (2.99536e-36,0)
287 287 (1.68888e-36,0)
288 288 (9.50339e-37,0)
289 289 (5.33692e-37,0)
290 290 (2.99112e-37,0)
291 291 (1.67305e-37,0)
292 292 (9.33932e-38,0)
293 293 (5.20299e-38,0)
294 294 (2.89283e-38,0)
295 295 (1.60518e-38,0)
296 296 (8.88904e-39,0)
297 297 (4.91268e-39,0)
298 298 (2.70965e-39,0)
299 299 (1.49155e-39,0)
300 300 (8.19401e-40,0)
301 301 (4.49247e-40,0)
302 302 (2.45814e-40,0)
303 303 (1.34233e-40,0)
304 304 (7.31545e-41,0)
305 305 (3.97883e-41,0)
306 306 (2.15974e-41,0)
307 307 (1.16998e-41,0)
308 308 (6.3254e-42,0)
309 309 (3.41294e-42,0)
310 310 (1.83781e-42,0)
311 311 (9.87651e-43,0)
312 312 (5.2971e-43,0)
313 313 (2.83533e-43,0)
314 314 (1.51461e-43,0)
315 315 (8.07477e-44,0)
316 316 (4.29626e-44,0)
317 317 (2.2813e-44,0)
318 318 (1.20894e-44,0)
319 319 (6.3938e-45,0)
320 320 (3.37478e-45,0)
321 321 (1.77772e-45,0)
322 322 (9.34568e-46,0)
323 323 (4.90333e-46,0)
324 324 (2.56745e-46,0)
325 325 (1.34167e-46,0)
326 326 (6.99713e-47,0)
327 327 (3.64188e-47,0)
328 328 (1.89174e-47,0)
329 329 (9.80688e-48,0)
330 330 (5.07377e-48,0)
331 331 (2.61976e-48,0)
332 332 (1.34997e-48,0)
333 333 (6.94255e-49,0)
334 334 (3.56324e-49,0)
335 335 (1.82516e-49,0)
336 336 (9.33018e-50,0)
337 337 (4.76003e-50,0)
338 338 (2.4236e-50,0)
339 339 (1.23153e-50,0)
340 340 (6.24537e-51,0)
341 341 (3.16085e-51,0)
342 342 (1.59654e-51,0)
343 343 (8.04801e-52,0)
344 344 (4.04882e-52,0)
345 345 (2.03282e-52,0)
346 346 (1.0186e-52,0)
347 347 (5.09373e-53,0)
348 348 (2.54215e-53,0)
349 349 (1.26619e-53,0)
350 350 (6.29399e-54,0)
351 351 (3.12238e-54,0)
352 352 (1.54588e-54,0)
353 353 (7.63834e-55,0)
354 354 (3.76663e-55,0)
355 355 (1.85369e-55,0)
356 356 (9.10447e-56,0)
357 357 (4.46275e-56,0)
358 358 (2.18314e-56,0)
359 359 (1.06584e-56,0)
360 360 (5.1932e-57,0)
361 361 (2.52528e-57,0)
362 362 (1.2255e-57,0)
363 363 (5.93541e-58,0)
364 364 (2.86892e-58,0)
365 365 (1.38394e-58,0)
366 366 (6.66267e-59,0)
367 367 (3.20118e-59,0)
368 368 (1.53498e-59,0)
369 369 (7.34563e-60,0)
370 370 (3.50821e-60,0)
371 371 (1.67214e-60,0)
372 372 (7.95413e-61,0)
373 373 (3.7761e-61,0)
374 374 (1.78906e-61,0)
375 375 (8.45938e-62,0)
376 376 (3.99193e-62,0)
377 377 (1.88001e-62,0)
378 378 (8.83623e-63,0)
379 379 (4.14483e-63,0)
380 380 (1.94034e-63,0)
381 381 (9.06523e-64,0)
382 382 (4.2268e-64,0)
383 383 (1.96687e-64,0)
384 384 (9.13425e-65,0)
385 385 (4.23351e-65,0)
386 386 (1.95821e-65,0)
387 387 (9.03961e-66,0)
388 388 (4.16458e-66,0)
389 389 (1.91481e-66,0)
390 390 (8.78637e-67,0)
391 391 (4.0237e-67,0)
392 392 (1.83896e-67,0)
393 393 (8.38787e-68,0)
394 394 (3.81823e-68,0)
395 395 (1.73462e-68,0)
396 396 (7.8646e-69,0)
397 397 (3.55861e-69,0)
398 398 (1.607e-69,0)
399 399 (7.24243e-70,0)
400 400 (3.25749e-70,0)
401 401 (1.46222e-70,0)
402 402 (6.5505e-71,0)
403 403 (2.92865e-71,0)
404 404 (1.30675e-71,0)
405 405 (5.81899e-72,0)
406 406 (2.58604e-72,0)
407 407 (1.14697e-72,0)
408 408 (5.07696e-73,0)
409 409 (2.24277e-73,0)
410 410 (9.88775e-74,0)
411 411 (4.35053e-74,0)
412 412 (1.91037e-74,0)
413 413 (8.37191e-75,0)
414 414 (3.66153e-75,0)
415 415 (1.59821e-75,0)
416 416 (6.962e-76,0)
417 417 (3.02668e-76,0)
418 418 (1.3132e-76,0)
419 419 (5.68626e-77,0)
420 420 (2.45727e-77,0)
421 421 (1.05977e-77,0)
422 422 (4.56143e-78,0)
423 423 (1.9594e-78,0)
424 424 (8.39992e-79,0)
425 425 (3.59384e-79,0)
426 426 (1.53453e-79,0)
427 427 (6.53915e-80,0)
428 428 (2.78099e-80,0)
429 429 (1.18035e-80,0)
430 430 (4.99977e-81,0)
431 431 (2.1136e-81,0)
432 432 (8.91716e-82,0)
433 433 (3.75458e-82,0)
434 434 (1.57772e-82,0)
435 435 (6.61647e-83,0)
436 436 (2.76921e-83,0)
437 437 (1.15669e-83,0)
438 438 (4.8218e-84,0)
439 439 (2.00601e-84,0)
440 440 (8.32891e-85,0)
441 441 (3.45124e-85,0)
442 442 (1.42723e-85,0)
443 443 (5.89037e-86,0)
444 444 (2.42618e-86,0)
445 445 (9.97322e-87,0)
446 446 (4.09146e-87,0)
447 447 (1.67515e-87,0)
448 448 (6.84479e-88,0)
449 449 (2.79125e-88,0)
450 450 (1.13597e-88,0)
451 451 (4.6139e-89,0)
452 452 (1.87025e-89,0)
453 453 (7.56595e-90,0)
454 454 (3.05463e-90,0)
455 455 (1.23079e-90,0)
456 456 (4.94929e-91,0)
457 457 (1.98624e-91,0)
458 458 (7.95522e-92,0)
459 459 (3.17983e-92,0)
460 460 (1.26849e-92,0)
461 461 (5.05013e-93,0)
462 462 (2.00654e-93,0)
463 463 (7.95658e-94,0)
464 464 (3.14873e-94,0)
465 465 (1.24359e-94,0)
466 466 (4.90171e-95,0)
467 467 (1.92819e-95,0)
468 468 (7.56982e-96,0)
469 469 (2.96587e-96,0)
470 470 (1.15971e-96,0)
471 471 (4.52562e-97,0)
472 472 (1.76254e-97,0)
473 473 (6.85062e-98,0)
474 474 (2.65738e-98,0)
475 475 (1.02874e-98,0)
476 476 (3.9746e-99,0)
477 477 (1.53254e-99,0)
478 478 (5.89739e-100,0)
479 479 (2.26485e-100,0)
480 480 (8.68063e-101,0)
481 481 (3.32043e-101,0)
482 482 (1.26756e-101,0)
483 483 (4.82919e-102,0)
484 484 (1.83617e-102,0)
485 485 (6.96756e-103,0)
486 486 (2.63864e-103,0)
487 487 (9.97268e-104,0)
488 488 (3.76162e-104,0)
489 489 (1.41602e-104,0)
490 490 (5.31979e-105,0)
491 491 (1.99458e-105,0)
492 492 (7.46347e-106,0)
493 493 (2.78715e-106,0)
494 494 (1.03875e-106,0)
495 495 (3.86362e-107,0)
496 496 (1.4342e-107,0)
497 497 (5.31318e-108,0)
498 498 (1.96441e-108,0)
499 499 (7.24836e-109,0)
500 500 (2.66919e-109,0)
501 499 (7.24836e-109,0)
502 498 (1.96441e-108,0)
503 497 (5.31318e-108,0)
504 496 (1.4342e-107,0)
505 495 (3.86362e-107,0)
506 494 (1.03875e-106,0)
507 493 (2.78715e-106,0)
508 492 (7.46347e-106,0)
509 491 (1.99458e-105,0)
510 490 (5.31979e-105,0)
511 489 (1.41602e-104,0)
512 488 (3.76162e-104,0)
513 487 (9.97268e-104,0)
514 486 (2.63864e-103,0)
515 485 (6.96756e-103,0)
516 484 (1.83617e-102,0)
517 483 (4.82919e-102,0)
518 482 (1.26756e-101,0)
519 481 (3.32043e-101,0)
520 480 (8.68063e-101,0)
521 479 (2.26485e-100,0)
522 478 (5.89739e-100,0)
523 477 (1.53254e-99,0)
524 476 (3.9746e-99,0)
525 475 (1.02874e-98,0)
526 474 (2.65738e-98,0)
527 473 (6.85062e-98,0)
528 472 (1.76254e-97,0)
529 471 (4.52562e-97,0)
530 470 (1.15971e-96,0)
531 469 (2.96587e-96,0)
532 468 (7.56982e-96,0)
533 467 (1.92819e-95,0)
534 466 (4.90171e-95,0)
535 465 (1.24359e-94,0)
536 464 (3.14873e-94,0)
537 463 (7.95658e-94,0)
538 462 (2.00654e-93,0)
539 461 (5.05013e-93,0)
540 460 (1.26849e-92,0)
541 459 (3.17983e-92,0)
542 458 (7.95522e-92,0)
543 457 (1.98624e-91,0)
544 456 (4.94929e-91,0)
545 455 (1.23079e-90,0)
546 454 (3.05463e-90,0)
547 453 (7.56595e-90,0)
548 452 (1.87025e-89,0)
549 451 (4.6139e-89,0)
550 450 (1.13597e-88,0)
551 449 (2.79125e-88,0)
552 448 (6.84479e-88,0)
553 447 (1.67515e-87,0)
554 446 (4.09146e-87,0)
555 445 (9.97322e-87,0)
556 444 (2.42618e-86,0)
557 443 (5.89037e-86,0)
558 442 (1.42723e-85,0)
559 441 (3.45124e-85,0)
560 440 (8.32891e-85,0)
561 439 (2.00601e-84,0)
562 438 (4.8218e-84,0)
563 437 (1.15669e-83,0)
564 436 (2.76921e-83,0)
565 435 (6.61647e-83,0)
566 434 (1.57772e-82,0)
567 433 (3.75458e-82,0)
568 432 (8.91716e-82,0)
569 431 (2.1136e-81,0)
570 430 (4.99977e-81,0)
571 429 (1.18035e-80,0)
572 428 (2.78099e-80,0)
573 427 (6.53915e-80,0)
574 426 (1.53453e-79,0)
575 425 (3.59384e-79,0)
576 424 (8.39992e-79,0)
577 423 (1.9594e-78,0)
578 422 (4.56143e-78,0)
579 421 (1.05977e-77,0)
580 420 (2.45727e-77,0)
581 419 (5.68626e-77,0)
582 418 (1.3132e-76,0)
583 417 (3.02668e-76,0)
584 416 (6.962e-76,0)
585 415 (1.59821e-75,0)
586 414 (3.66153e-75,0)
587 413 (8.37191e-75,0)
588 412 (1.91037e-74,0)
589 411 (4.35053e-74,0)
590 410 (9.88775e-74,0)
591 409 (2.24277e-73,0)
592 408 (5.07696e-73,0)
593 407 (1.14697e-72,0)
594 406 (2.58604e-72,0)
595 405 (5.81899e-72,0)
596 404 (1.30675e-71,0)
597 403 (2.92865e-71,0)
598 402 (6.5505e-71,0)
599 401 (1.46222e-70,0)
600 400 (3.25749e-70,0)
601 399 (7.24243e-70,0)
602 398 (1.607e-69,0)
603 397 (3.55861e-69,0)
604 396 (7.8646e-69,0)
605 395 (1.73462e-68,0)
606 394 (3.81823e-68,0)
607 393 (8.38787e-68,0)
608 392 (1.83896e-67,0)
609 391 (4.0237e-67,0)
610 390 (8.78637e-67,0)
611 389 (1.91481e-66,0)
612 388 (4.16458e-66,0)
613 387 (9.03961e-66,0)
614 386 (1.95821e-65,0)
615 385 (4.23351e-65,0)
616 384 (9.13425e-65,0)
617 383 (1.96687e-64,0)
618 382 (4.2268e-64,0)
619 381 (9.06523e-64,0)
620 380 (1.94034e-63,0)
621 379 (4.14483e-63,0)
622 378 (8.83623e-63,0)
623 377 (1.88001e-62,0)
624 376 (3.99193e-62,0)
625 375 (8.45938e-62,0)
626 374 (1.78906e-61,0)
627 373 (3.7761e-61,0)
628 372 (7.95413e-61,0)
629 371 (1.67214e-60,0)
630 370 (3.50821e-60,0)
631 369 (7.34563e-60,0)
632 368 (1.53498e-59,0)
633 367 (3.20118e-59,0)
634 366 (6.66267e-59,0)
635 365 (1.38394e-58,0)
636 364 (2.86892e-58,0)
637 363 (5.93541e-58,0)
638 362 (1.2255e-57,0)
639 361 (2.52528e-57,0)
640 360 (5.1932e-57,0)
641 359 (1.06584e-56,0)
642 358 (2.18314e-56,0)
643 357 (4.46275e-56,0)
644 356 (9.10447e-56,0)
645 355 (1.85369e-55,0)
646 354 (3.76663e-55,0)
647 353 (7.63834e-55,0)
648 352 (1.54588e-54,0)
649 351 (3.12238e-54,0)
650 350 (6.29399e-54,0)
651 349 (1.26619e-53,0)
652 348 (2.54215e-53,0)
653 347 (5.09373e-53,0)
654 346 (1.0186e-52,0)
655 345 (2.03282e-52,0)
656 344 (4.04882e-52,0)
657 343 (8.04801e-52,0)
658 342 (1.59654e-51,0)
659 341 (3.16085e-51,0)
660 340 (6.24537e-51,0)
661 339 (1.23153e-50,0)
662 338 (2.4236e-50,0)
663 337 (4.76003e-50,0)
664 336 (9.33018e-50,0)
665 335 (1.82516e-49,0)
666 334 (3.56324e-49,0)
667 333 (6.94255e-49,0)
668 332 (1.34997e-48,0)
669 331 (2.61976e-48,0)
670 330 (5.07377e-48,0)
671 329 (9.80688e-48,0)
672 328 (1.89174e-47,0)
673 327 (3.64188e-47,0)
674 326 (6.99713e-47,0)
675 325 (1.34167e-46,0)
676 324 (2.56745e-46,0)
677 323 (4.90333e-46,0)
678 322 (9.34568e-46,0)
679 321 (1.77772e-45,0)
680 320 (3.37478e-45,0)
681 319 (6.3938e-45,0)
682 318 (1.20894e-44,0)
683 317 (2.2813e-44,0)
684 316 (4.29626e-44,0)
685 315 (8.07477e-44,0)
686 314 (1.51461e-43,0)
687 313 (2.83533e-43,0)
688 312 (5.2971e-43,0)
689 311 (9.87651e-43,0)
690 310 (1.83781e-42,0)
691 309 (3.41294e-42,0)
692 308 (6.3254e-42,0)
693 307 (1.16998e-41,0)
694 306 (2.15974e-41,0)
695 305 (3.97883e-41,0)
696 304 (7.31545e-41,0)
697 303 (1.34233e-40,0)
698 302 (2.45814e-40,0)
699 301 (4.49247e-40,0)
700 300 (8.19401e-40,0)
701 299 (1.49155e-39,0)
702 298 (2.70965e-39,0)
703 297 (4.91268e-39,0)
704 296 (8.88904e-39,0)
705 295 (1.60518e-38,0)
706 294 (2.89283e-38,0)
707 293 (5.20299e-38,0)
708 292 (9.33932e-38,0)
709 291 (1.67305e-37,0)
710 290 (2.99112e-37,0)
711 289 (5.33692e-37,0)
712 288 (9.50339e-37,0)
713 287 (1.68888e-36,0)
714 286 (2.99536e-36,0)
715 285 (5.30189e-36,0)
716 284 (9.36579e-36,0)
717 283 (1.65116e-35,0)
718 282 (2.90513e-35,0)
719 281 (5.10121e-35,0)
720 280 (8.93949e-35,0)
721 279 (1.56345e-34,0)
722 278 (2.72889e-34,0)
723 277 (4.75356e-34,0)
724 276 (8.26387e-34,0)
725 275 (1.43377e-33,0)
726 274 (2.4826e-33,0)
727 273 (4.29009e-33,0)
728 272 (7.39873e-33,0)
729 271 (1.27344e-32,0)
730 270 (2.18742e-32,0)
731 269 (3.74988e-32,0)
732 268 (6.41554e-32,0)
733 267 (1.09542e-31,0)
734 266 (1.86664e-31,0)
735 265 (3.17446e-31,0)
736 264 (5.3878e-31,0)
737 263 (9.12609e-31,0)
738 262 (1.54273e-30,0)
739 261 (2.60271e-30,0)
740 260 (4.38221e-30,0)
741 259 (7.36363e-30,0)
742 258 (1.23487e-29,0)
743 257 (2.06673e-29,0)
744 256 (3.45205e-29,0)
745 255 (5.75442e-29,0)
746 254 (9.5732e-29,0)
747 253 (1.58944e-28,0)
748 252 (2.63368e-28,0)
749 251 (4.35525e-28,0)
750 250 (7.18778e-28,0)
751 249 (1.18388e-27,0)
752 248 (1.94604e-27,0)
753 247 (3.19248e-27,0)
754 246 (5.22679e-27,0)
755 245 (8.54031e-27,0)
756 244 (1.39266e-26,0)
757 243 (2.26644e-26,0)
758 242 (3.6811e-26,0)
759 241 (5.96681e-26,0)
760 240 (9.65246e-26,0)
761 239 (1.55835e-25,0)
762 238 (2.51087e-25,0)
763 237 (4.03751e-25,0)
764 236 (6.4794e-25,0)
765 235 (1.03774e-24,0)
766 234 (1.65871e-24,0)
767 233 (2.64598e-24,0)
768 232 (4.21244e-24,0)
769 231 (6.69287e-24,0)
770 230 (1.06126e-23,0)
771 229 (1.67943e-23,0)
772 228 (2.65238e-23,0)
773 227 (4.18061e-23,0)
774 226 (6.5762e-23,0)
775 225 (1.03239e-22,0)
776 224 (1.61748e-22,0)
777 223 (2.52912e-22,0)
778 222 (3.94667e-22,0)
779 221 (6.14643e-22,0)
780 220 (9.55316e-22,0)
781 219 (1.48184e-21,0)
782 218 (2.29398e-21,0)
783 217 (3.54411e-21,0)
784 216 (5.46458e-21,0)
785 215 (8.40887e-21,0)
786 214 (1.29137e-20,0)
787 213 (1.97922e-20,0)
788 212 (3.02739e-20,0)
789 211 (4.62142e-20,0)
790 210 (7.04066e-20,0)
791 209 (1.07049e-19,0)
792 208 (1.62436e-19,0)
793 207 (2.45989e-19,0)
794 206 (3.71774e-19,0)
795 205 (5.60757e-19,0)
796 204 (8.44113e-19,0)
797 203 (1.26812e-18,0)
798 202 (1.90129e-18,0)
799 201 (2.84491e-18,0)
800 200 (4.24835e-18,0)
801 199 (6.33147e-18,0)
802 198 (9.41714e-18,0)
803 197 (1.39787e-17,0)
804 196 (2.07082e-17,0)
805 195 (3.06163e-17,0)
806 194 (4.51745e-17,0)
807 193 (6.65219e-17,0)
808 192 (9.77616e-17,0)
809 191 (1.43385e-16,0)
810 190 (2.09879e-16,0)
811 189 (3.06596e-16,0)
812 188 (4.46988e-16,0)
813 187 (6.50364e-16,0)
814 186 (9.44383e-16,0)
815 185 (1.36858e-15,0)
816 184 (1.97937e-15,0)
817 183 (2.85701e-15,0)
818 182 (4.11557e-15,0)
819 181 (5.91669e-15,0)
820 180 (8.48904e-15,0)
821 179 (1.21554e-14,0)
822 178 (1.73706e-14,0)
823 177 (2.47735e-14,0)
824 176 (3.5261e-14,0)
825 175 (5.00877e-14,0)
826 174 (7.10069e-14,0)
827 173 (1.00462e-13,0)
828 172 (1.41851e-13,0)
829 171 (1.99892e-13,0)
830 170 (2.81119e-13,0)
831 169 (3.94562e-13,0)
832 168 (5.52678e-13,0)
833 167 (7.72612e-13,0)
834 166 (1.07791e-12,0)
835 165 (1.50083e-12,0)
836 164 (2.08553e-12,0)
837 163 (2.89221e-12,0)
838 162 (4.00291e-12,0)
839 161 (5.52908e-12,0)
840 160 (7.62187e-12,0)
841 159 (1.04858e-11,0)
842 158 (1.4397e-11,0)
843 157 (1.97276e-11,0)
844 156 (2.6978e-11,0)
845 155 (3.68193e-11,0)
846 154 (5.01501e-11,0)
847 153 (6.81711e-11,0)
848 152 (9.24827e-11,0)
849 151 (1.25214e-10,0)
850 150 (1.6919e-10,0)
851 149 (2.28154e-10,0)
852 148 (3.07053e-10,0)
853 147 (4.12411e-10,0)
854 146 (5.52814e-10,0)
855 145 (7.39535e-10,0)
856 144 (9.87347e-10,0)
857 143 (1.31556e-09,0)
858 142 (1.74939e-09,0)
859 141 (2.32162e-09,0)
860 140 (3.07488e-09,0)
861 139 (4.0644e-09,0)
862 138 (5.36162e-09,0)
863 137 (7.05873e-09,0)
864 136 (9.27447e-09,0)
865 135 (1.21614e-08,0)
866 134 (1.59151e-08,0)
867 133 (2.07857e-08,0)
868 132 (2.70927e-08,0)
869 131 (3.5243e-08,0)
870 130 (4.57534e-08,0)
871 129 (5.92796e-08,0)
872 128 (7.66512e-08,0)
873 127 (9.89155e-08,0)
874 126 (1.27392e-07,0)
875 125 (1.63738e-07,0)
876 124 (2.10033e-07,0)
877 123 (2.6888e-07,0)
878 122 (3.43527e-07,0)
879 121 (4.38021e-07,0)
880 120 (5.5739e-07,0)
881 119 (7.07874e-07,0)
882 118 (8.97188e-07,0)
883 117 (1.13486e-06,0)
884 116 (1.43263e-06,0)
885 115 (1.80491e-06,0)
886 114 (2.26939e-06,0)
887 113 (2.8477e-06,0)
888 112 (3.56624e-06,0)
889 111 (4.45715e-06,0)
890 110 (5.55951e-06,0)
891 109 (6.92066e-06,0)
892 108 (8.59784e-06,0)
893 107 (1.06601e-05,0)
894 106 (1.31907e-05,0)
895 105 (1.62893e-05,0)
896 104 (2.00757e-05,0)
897 103 (2.46928e-05,0)
898 102 (3.0311e-05,0)
899 101 (3.71332e-05,0)
900 100 (4.53999e-05,0)
901 99 (5.53962e-05,0)
902 98 (6.74584e-05,0)
903 97 (8.19829e-05,0)
904 96 (9.94356e-05,0)
905 95 (0.000120363,0)
906 94 (0.000145403,0)
907 93 (0.000175302,0)
908 92 (0.000210927,0)
909 91 (0.000253284,0)
910 90 (0.000303539,0)
911 89 (0.000363039,0)
912 88 (0.000433335,0)
913 87 (0.000516208,0)
914 86 (0.000613703,0)
915 85 (0.000728153,0)
916 84 (0.00086222,0)
917 83 (0.00101893,0)
918 82 (0.00120172,0)
919 81 (0.00141447,0)
920 80 (0.00166156,0)
921 79 (0.00194791,0)
922 78 (0.00227904,0)
923 77 (0.00266114,0)
924 76 (0.0031011,0)
925 75 (0.00360656,0)
926 74 (0.00418604,0)
927 73 (0.00484892,0)
928 72 (0.00560554,0)
929 71 (0.00646728,0)
930 70 (0.00744658,0)
931 69 (0.00855705,0)
932 68 (0.00981346,0)
933 67 (0.0112319,0)
934 66 (0.0128296,0)
935 65 (0.0146253,0)
936 64 (0.0166391,0)
937 63 (0.0188923,0)
938 62 (0.0214078,0)
939 61 (0.0242097,0)
940 60 (0.0273237,0)
941 59 (0.0307766,0)
942 58 (0.0345966,0)
943 57 (0.038813,0)
944 56 (0.0434563,0)
945 55 (0.0485578,0)
946 54 (0.0541499,0)
947 53 (0.0602652,0)
948 52 (0.0669372,0)
949 51 (0.0741993,0)
950 50 (0.082085,0)
951 49 (0.0906273,0)
952 48 (0.0998586,0)
953 47 (0.10981,0)
954 46 (0.120513,0)
955 45 (0.131994,0)
956 44 (0.14428,0)
957 43 (0.157394,0)
958 42 (0.171358,0)
959 41 (0.186188,0)
960 40 (0.201897,0)
961 39 (0.218493,0)
962 38 (0.235982,0)
963 37 (0.254361,0)
964 36 (0.273624,0)
965 35 (0.293758,0)
966 34 (0.314743,0)
967 33 (0.336553,0)
968 32 (0.359155,0)
969 31 (0.38251,0)
970 30 (0.40657,0)
971 29 (0.431279,0)
972 28 (0.456576,0)
973 27 (0.482391,0)
974 26 (0.508648,0)
975 25 (0.535261,0)
976 24 (0.562142,0)
977 23 (0.589194,0)
978 22 (0.616313,0)
979 21 (0.643393,0)
980 20 (0.67032,0)
981 19 (0.696979,0)
982 18 (0.72325,0)
983 17 (0.749012,0)
984 16 (0.774142,0)
985 15 (0.798516,0)
986 14 (0.822012,0)
987 13 (0.844509,0)
988 12 (0.865888,0)
989 11 (0.886034,0)
990 10 (0.904837,0)
991 9 (0.922194,0)
992 8 (0.938005,0)
993 7 (0.952181,0)
994 6 (0.96464,0)
995 5 (0.97531,0)
996 4 (0.984127,0)
997 3 (0.99104,0)
998 2 (0.996008,0)
999 1 (0.999,0)
Setting up Fourier Transform..
Doing Fourier transform...
DONE!
+------------+--------------------+---------------------+-------------------+
|    freq    | Numerical solution | Analytical solution |      Error(%)     |
+------------+--------------------+---------------------+-------------------+
|      0  |  0.00e+00  |  (5.60499122e+01,0.00000000e+00)  |    5.60499122e+01   |   0.00000000e+00  |
|      1  |  1.00e-03  |  (5.54994426e+01,8.25728375e-16)  |    5.54994426e+01   |   1.48781381e-15  |
|      2  |  2.00e-03  |  (5.38802593e+01,-5.89805982e-17)  |    5.38802593e+01   |   1.31878952e-14  |
|      3  |  3.00e-03  |  (5.12859145e+01,3.98986399e-15)  |    5.12859145e+01   |   7.77964873e-15  |
|      4  |  4.00e-03  |  (4.78623370e+01,-6.59194921e-16)  |    4.78623370e+01   |   1.49093007e-14  |
|      5  |  5.00e-03  |  (4.37942475e+01,5.50948176e-15)  |    4.37942475e+01   |   1.25803777e-14  |
|      6  |  6.00e-03  |  (3.92886952e+01,-5.13478149e-16)  |    3.92886952e+01   |   1.30693612e-15  |
|      7  |  7.00e-03  |  (3.45577545e+01,-4.51028104e-16)  |    3.45577545e+01   |   2.06024029e-14  |
|      8  |  8.00e-03  |  (2.98023694e+01,4.85722573e-16)  |    2.98023694e+01   |   1.20318072e-14  |
|      9  |  9.00e-03  |  (2.51990079e+01,2.06158455e-16)  |    2.51990079e+01   |   8.18121315e-16  |
|     10  |  1.00e-02  |  (2.08902416e+01,6.19199608e-16)  |    2.08902416e+01   |   2.96406149e-15  |
|     11  |  1.10e-02  |  (1.69797329e+01,2.34084057e-15)  |    1.69797329e+01   |   2.50567153e-14  |
|     12  |  1.20e-02  |  (1.35314898e+01,-1.35430458e-15)  |    1.35314898e+01   |   1.65077003e-14  |
|     13  |  1.30e-02  |  (1.05727447e+01,4.31092570e-16)  |    1.05727447e+01   |   4.07739504e-15  |
|     14  |  1.40e-02  |  (8.09948209e+00,-1.91430714e-16)  |    8.09948209e+00   |   2.20587180e-14  |
|     15  |  1.50e-02  |  (6.08350854e+00,-5.16988718e-16)  |    6.08350854e+00   |   3.04110647e-14  |
|     16  |  1.60e-02  |  (4.48000363e+00,2.34187669e-17)  |    4.48000363e+00   |   3.96542359e-14  |
|     17  |  1.70e-02  |  (3.23466999e+00,1.47337941e-15)  |    3.23466999e+00   |   4.75736600e-14  |
|     18  |  1.80e-02  |  (2.28986017e+00,8.22355600e-16)  |    2.28986017e+00   |   6.83724152e-14  |
|     19  |  1.90e-02  |  (1.58933453e+00,1.93625842e-15)  |    1.58933453e+00   |   1.65330152e-13  |
|     20  |  2.00e-02  |  (1.08155608e+00,7.08513070e-16)  |    1.08155608e+00   |   7.73131784e-14  |
|     21  |  2.10e-02  |  (7.21622624e-01,6.19774407e-16)  |    7.21622624e-01   |   3.49198725e-13  |
|     22  |  2.20e-02  |  (4.72061527e-01,7.52220770e-16)  |    4.72061527e-01   |   3.97844272e-13  |
|     23  |  2.30e-02  |  (3.02771118e-01,1.55829218e-15)  |    3.02771118e-01   |   6.11395326e-13  |
|     24  |  2.40e-02  |  (1.90395926e-01,4.78783679e-16)  |    1.90395926e-01   |   2.55241978e-13  |
|     25  |  2.50e-02  |  (1.17389224e-01,1.09075806e-15)  |    1.17389224e-01   |   9.90411690e-13  |
|     26  |  2.60e-02  |  (7.09620542e-02,1.50410193e-15)  |    7.09620542e-02   |   3.28007634e-12  |
|     27  |  2.70e-02  |  (4.20582791e-02,1.10182242e-15)  |    4.20582791e-02   |   3.74253126e-12  |
|     28  |  2.80e-02  |  (2.44401681e-02,3.25478795e-16)  |    2.44401681e-02   |   1.42642564e-12  |
|     29  |  2.90e-02  |  (1.39246487e-02,8.03858917e-16)  |    1.39246487e-02   |   1.19186826e-11  |
|     30  |  3.00e-02  |  (7.77842519e-03,4.70855953e-16)  |    7.77842519e-03   |   9.55510072e-12  |
|     31  |  3.10e-02  |  (4.26016560e-03,-5.57453403e-16)  |    4.26016560e-03   |   1.83805173e-11  |
|     32  |  3.20e-02  |  (2.28764512e-03,-1.44328993e-15)  |    2.28764512e-03   |   6.46938078e-11  |
|     33  |  3.30e-02  |  (1.20442066e-03,-1.45659300e-16)  |    1.20442066e-03   |   5.14732060e-11  |
|     34  |  3.40e-02  |  (6.21720387e-04,-7.68579173e-16)  |    6.21720387e-04   |   1.43627535e-10  |
|     35  |  3.50e-02  |  (3.14658445e-04,4.11585552e-16)  |    3.14658445e-04   |   1.35966126e-10  |
|     36  |  3.60e-02  |  (1.56138875e-04,-8.19400613e-16)  |    1.56138875e-04   |   9.11977479e-10  |
|     37  |  3.70e-02  |  (7.59643928e-05,-5.58176495e-17)  |    7.59643928e-05   |   5.36810519e-10  |
|     38  |  3.80e-02  |  (3.62356842e-05,-3.23878831e-16)  |    3.62356842e-05   |   1.62499610e-09  |
|     39  |  3.90e-02  |  (1.69468986e-05,1.39783035e-16)  |    1.69468986e-05   |   9.63632959e-09  |
|     40  |  4.00e-02  |  (7.77090086e-06,-2.01544200e-16)  |    7.77090086e-06   |   1.07559716e-08  |
|     41  |  4.10e-02  |  (3.49365387e-06,6.09664273e-17)  |    3.49365387e-06   |   2.02001110e-09  |
|     42  |  4.20e-02  |  (1.53998238e-06,-3.96965150e-16)  |    1.53998238e-06   |   5.91549393e-08  |
|     43  |  4.30e-02  |  (6.65547415e-07,1.68529274e-15)  |    6.65547415e-07   |   2.66031470e-07  |
|     44  |  4.40e-02  |  (2.82013320e-07,-2.76641842e-17)  |    2.82013319e-07   |   5.61597024e-07  |
|     45  |  4.50e-02  |  (1.17162223e-07,9.72859113e-16)  |    1.17162224e-07   |   1.38918857e-06  |
|     46  |  4.60e-02  |  (4.77235762e-08,-1.90901804e-16)  |    4.77235748e-08   |   2.99384220e-06  |
|     47  |  4.70e-02  |  (1.90592462e-08,6.20408005e-16)  |    1.90592452e-08   |   6.26575370e-06  |
|     48  |  4.80e-02  |  (7.46286828e-09,-7.61436579e-16)  |    7.46286866e-09   |   1.14342470e-05  |
|     49  |  4.90e-02  |  (2.86505857e-09,-2.81684644e-16)  |    2.86505702e-09   |   5.48173239e-05  |
|     50  |  5.00e-02  |  (1.07842078e-09,-2.19021308e-16)  |    1.07842044e-09   |   3.71107498e-05  |
|     51  |  5.10e-02  |  (3.97987923e-10,9.35124839e-16)  |    3.97988317e-10   |   2.54987511e-04  |
|     52  |  5.20e-02  |  (1.44006416e-10,-3.71692769e-16)  |    1.44005774e-10   |   5.15086756e-04  |
|     53  |  5.30e-02  |  (5.10883141e-11,-4.91206250e-16)  |    5.10877599e-11   |   1.44966506e-03  |
|     54  |  5.40e-02  |  (1.77690779e-11,3.76141927e-16)  |    1.77697445e-11   |   4.30752014e-03  |
|     55  |  5.50e-02  |  (6.06107525e-12,-5.77835449e-16)  |    6.06000354e-12   |   2.00917325e-02  |
|     56  |  5.60e-02  |  (2.02707295e-12,2.26005855e-16)  |    2.02624494e-12   |   4.23593701e-02  |
|     57  |  5.70e-02  |  (6.64190924e-13,7.67412896e-16)  |    6.64260425e-13   |   1.16001728e-01  |
|     58  |  5.80e-02  |  (2.13495888e-13,2.63358538e-16)  |    2.13507033e-13   |   1.23459285e-01  |
|     59  |  5.90e-02  |  (6.63913369e-14,1.40484485e-15)  |    6.72842416e-14   |   2.47397066e+00  |
|     60  |  6.00e-02  |  (2.06501483e-14,4.09167166e-16)  |    2.07893978e-14   |   2.07900747e+00  |
|     61  |  6.10e-02  |  (5.55111512e-15,-5.41623745e-17)  |    6.29792996e-15   |   1.18892447e+01  |
|     62  |  6.20e-02  |  (1.77635684e-15,-5.11672858e-17)  |    1.87060079e-15   |   5.73281692e+00  |
|     63  |  6.30e-02  |  (2.22044605e-15,3.18605712e-16)  |    5.44743144e-16   |   3.13124211e+02  |
|     64  |  6.40e-02  |  (4.44089210e-16,-9.12946634e-17)  |    1.55535598e-16   |   1.94586615e+02  |
|     65  |  6.50e-02  |  (0.00000000e+00,7.55314437e-16)  |    4.35406795e-17   |   1.73761267e+03  |
|     66  |  6.60e-02  |  (0.00000000e+00,5.23017754e-16)  |    1.19505522e-17   |   4.37765769e+03  |
|     67  |  6.70e-02  |  (-8.88178420e-16,2.26263350e-16)  |    3.21594130e-18   |   2.85969910e+04  |
|     68  |  6.80e-02  |  (1.77635684e-15,2.81607097e-16)  |    8.48507382e-19   |   2.11866392e+05  |
|     69  |  6.90e-02  |  (-1.77635684e-15,-3.00904410e-16)  |    2.19497969e-19   |   8.20909064e+05  |
|     70  |  7.00e-02  |  (0.00000000e+00,-8.07018909e-16)  |    5.56714790e-20   |   1.44960925e+06  |
|     71  |  7.10e-02  |  (0.00000000e+00,3.15857720e-16)  |    1.38440252e-20   |   2.28154540e+06  |
|     72  |  7.20e-02  |  (0.00000000e+00,-8.24036401e-16)  |    3.37535438e-21   |   2.44133299e+07  |
|     73  |  7.30e-02  |  (0.00000000e+00,-8.50477174e-16)  |    8.06870320e-22   |   1.05404444e+08  |
|     74  |  7.40e-02  |  (0.00000000e+00,4.75048759e-16)  |    1.89110427e-22   |   2.51201780e+08  |
|     75  |  7.50e-02  |  (0.00000000e+00,-7.90392747e-16)  |    4.34564835e-23   |   1.81881432e+09  |
|     76  |  7.60e-02  |  (0.00000000e+00,-1.15885536e-15)  |    9.79086486e-24   |   1.18360878e+10  |
|     77  |  7.70e-02  |  (0.00000000e+00,-2.30780281e-15)  |    2.16279274e-24   |   1.06704760e+11  |
|     78  |  7.80e-02  |  (0.00000000e+00,-2.22627668e-15)  |    4.68420744e-25   |   4.75272862e+11  |
|     79  |  7.90e-02  |  (-3.55271368e-15,-1.41559300e-15)  |    9.94683025e-26   |   3.84479596e+12  |
|     80  |  8.00e-02  |  (-1.34945754e-15,-1.20151067e-15)  |    2.07090733e-26   |   8.72486165e+12  |
|     81  |  8.10e-02  |  (-1.23624089e-15,7.89682935e-16)  |    4.22730899e-27   |   3.47013290e+13  |
|     82  |  8.20e-02  |  (2.88875775e-16,1.59918668e-15)  |    8.46047394e-28   |   1.92077701e+14  |
|     83  |  8.30e-02  |  (3.50291921e-16,8.24965368e-16)  |    1.66017076e-28   |   5.39856868e+14  |
|     84  |  8.40e-02  |  (-8.50617933e-16,-2.52207762e-16)  |    3.19402420e-29   |   2.77775030e+15  |
|     85  |  8.50e-02  |  (3.51934197e-16,1.58321542e-16)  |    6.02491622e-30   |   6.40516681e+15  |
|     86  |  8.60e-02  |  (-2.42664652e-16,1.17578013e-16)  |    1.11427194e-30   |   2.41995916e+16  |
|     87  |  8.70e-02  |  (-5.14303965e-16,5.16733418e-16)  |    2.02049949e-31   |   3.60829365e+17  |
|     88  |  8.80e-02  |  (-5.27333468e-16,-9.15037837e-16)  |    3.59214342e-32   |   2.94006378e+18  |
|     89  |  8.90e-02  |  (-1.64751394e-15,4.03988441e-16)  |    6.26146504e-33   |   2.70914576e+19  |
|     90  |  9.00e-02  |  (4.82591884e-16,-5.96653179e-16)  |    1.07010310e-33   |   7.17119356e+19  |
|     91  |  9.10e-02  |  (-4.15169795e-16,1.10053807e-16)  |    1.79309235e-34   |   2.39535230e+20  |
|     92  |  9.20e-02  |  (2.91043698e-16,-3.88270932e-17)  |    2.94582580e-35   |   9.96739752e+20  |
|     93  |  9.30e-02  |  (-4.93594462e-16,4.20447813e-16)  |    4.74502863e-36   |   1.36646540e+22  |
|     94  |  9.40e-02  |  (-2.15020649e-17,-1.58065200e-16)  |    7.49372898e-37   |   2.12872644e+22  |
|     95  |  9.50e-02  |  (-4.29668355e-17,2.97334803e-16)  |    1.16033796e-37   |   2.58910136e+23  |
|     96  |  9.60e-02  |  (-4.84902597e-16,-1.52444940e-16)  |    1.76156383e-38   |   2.88551043e+24  |
|     97  |  9.70e-02  |  (-3.37271604e-16,6.74316198e-16)  |    2.62204199e-39   |   2.87546576e+25  |
|     98  |  9.80e-02  |  (-3.25025522e-16,-2.02912045e-16)  |    3.82655773e-40   |   1.00132896e+26  |
|     99  |  9.90e-02  |  (-6.23383607e-16,6.19007228e-16)  |    5.47525396e-41   |   1.60450719e+27  |
|    100  |  1.00e-01  |  (4.60016154e-16,3.94087938e-16)  |    7.68117459e-42   |   7.88602507e+27  |
|    101  |  1.01e-01  |  (-7.78678692e-16,6.71733749e-16)  |    1.05652159e-42   |   9.73364527e+28  |
|    102  |  1.02e-01  |  (2.62824409e-16,6.35407837e-16)  |    1.42480846e-43   |   4.82604466e+29  |
|    103  |  1.03e-01  |  (-4.55209018e-16,3.75419525e-16)  |    1.88391787e-44   |   3.13201906e+30  |
|    104  |  1.04e-01  |  (-4.45042471e-16,4.56536414e-16)  |    2.44227642e-45   |   2.61053311e+31  |
|    105  |  1.05e-01  |  (-4.22894427e-16,3.38076431e-16)  |    3.10423820e-46   |   1.74413089e+32  |
|    106  |  1.06e-01  |  (-6.98990268e-16,4.94638863e-16)  |    3.86850026e-47   |   2.21352732e+33  |
|    107  |  1.07e-01  |  (-1.92276450e-16,4.11279384e-16)  |    4.72669515e-48   |   9.60513538e+33  |
|    108  |  1.08e-01  |  (2.45107843e-16,7.94227486e-16)  |    5.66239193e-49   |   1.46791146e+35  |
|    109  |  1.09e-01  |  (-3.85817101e-16,2.62903185e-16)  |    6.65073479e-50   |   7.01991157e+35  |
|    110  |  1.10e-01  |  (-9.56511846e-16,-1.35881051e-16)  |    7.65890537e-51   |   1.26142725e+37  |
|    111  |  1.11e-01  |  (-5.86041067e-16,-8.31705252e-17)  |    8.64751151e-52   |   6.84489863e+37  |
|    112  |  1.12e-01  |  (9.77424046e-16,-6.24394024e-16)  |    9.57288769e-53   |   1.21158701e+39  |
|    113  |  1.13e-01  |  (-2.40832349e-15,-2.97818243e-16)  |    1.03901579e-53   |   2.33554489e+40  |
|    114  |  1.14e-01  |  (7.40503678e-16,1.65096757e-15)  |    1.10567810e-54   |   1.63648964e+41  |
|    115  |  1.15e-01  |  (1.30260145e-15,-1.99930990e-17)  |    1.15361962e-55   |   1.12927594e+42  |
|    116  |  1.16e-01  |  (4.08756660e-17,2.04229547e-17)  |    1.18011391e-56   |   3.87197639e+41  |
|    117  |  1.17e-01  |  (-1.24948853e-15,4.15247756e-16)  |    1.18362083e-57   |   1.11241901e+44  |
|    118  |  1.18e-01  |  (2.15822407e-16,-9.33654132e-17)  |    1.16393475e-58   |   2.02031849e+44  |
|    119  |  1.19e-01  |  (-2.02528966e-16,1.52240942e-15)  |    1.12220460e-59   |   1.36857551e+46  |
|    120  |  1.20e-01  |  (-1.57846327e-15,8.85744810e-17)  |    1.06082275e-60   |   1.49030219e+47  |
|    121  |  1.21e-01  |  (-2.06633279e-15,-1.74944468e-18)  |    9.83197974e-62   |   2.10164543e+48  |
|    122  |  1.22e-01  |  (1.75369068e-15,-7.76431522e-16)  |    8.93442270e-63   |   2.14662269e+49  |
|    123  |  1.23e-01  |  (9.51183236e-16,-6.60866468e-16)  |    7.96011582e-64   |   1.45504018e+50  |
|    124  |  1.24e-01  |  (-4.57793080e-16,-1.04131625e-17)  |    6.95343899e-65   |   6.58539604e+50  |
|    125  |  1.25e-01  |  (-3.16380536e-16,-2.84658608e-16)  |    5.95534987e-66   |   7.14635384e+51  |
|    126  |  1.26e-01  |  (3.43307849e-16,-4.74044669e-16)  |    5.00083221e-67   |   1.17040953e+53  |
|    127  |  1.27e-01  |  (3.15810182e-16,-1.06901321e-16)  |    4.11722553e-68   |   8.09799220e+53  |
|    128  |  1.28e-01  |  (-6.30876455e-16,1.07115318e-15)  |    3.32349019e-69   |   3.74043776e+55  |
|    129  |  1.29e-01  |  (-9.81649548e-17,-9.22559067e-16)  |    2.63033773e-70   |   3.52717820e+56  |
|    130  |  1.30e-01  |  (-5.54341874e-16,5.44054564e-16)  |    2.04106107e-71   |   3.80546003e+57  |
|    131  |  1.31e-01  |  (5.65851649e-16,5.48514855e-16)  |    1.55284410e-72   |   5.07501987e+58  |
|    132  |  1.32e-01  |  (9.33808992e-16,-5.01026620e-16)  |    1.15831607e-73   |   9.14888144e+59  |
|    133  |  1.33e-01  |  (2.59043451e-16,-5.55849514e-16)  |    8.47137054e-75   |   7.23905594e+60  |
|    134  |  1.34e-01  |  (1.03980096e-15,8.57371324e-18)  |    6.07445956e-76   |   1.71181699e+62  |
|    135  |  1.35e-01  |  (7.55945147e-16,5.84459736e-17)  |    4.27060086e-77   |   1.77539692e+63  |
|    136  |  1.36e-01  |  (1.06463460e-15,-5.05780054e-16)  |    2.94372808e-78   |   4.00400049e+64  |
|    137  |  1.37e-01  |  (1.37636449e-15,-7.33661222e-17)  |    1.98945339e-79   |   6.92812645e+65  |
|    138  |  1.38e-01  |  (5.79385922e-16,6.77551073e-16)  |    1.31824830e-80   |   6.76272518e+66  |
|    139  |  1.39e-01  |  (1.60953842e-16,-5.01645660e-16)  |    8.56422441e-82   |   6.15157189e+67  |
|    140  |  1.40e-01  |  (4.91910649e-16,9.52048046e-17)  |    5.45514412e-83   |   9.18470623e+68  |
|    141  |  1.41e-01  |  (-6.22194362e-17,-5.06879778e-16)  |    3.40684041e-84   |   1.49899659e+70  |
|    142  |  1.42e-01  |  (6.76508965e-16,7.56415573e-16)  |    2.08605004e-85   |   4.86471964e+71  |
|    143  |  1.43e-01  |  (4.52085463e-16,5.46774256e-16)  |    1.25234799e-86   |   5.66509433e+72  |
|    144  |  1.44e-01  |  (6.34045011e-17,-4.04442485e-16)  |    7.37144613e-88   |   5.55362241e+73  |
|    145  |  1.45e-01  |  (8.10917841e-16,-3.56715032e-16)  |    4.25410043e-89   |   2.08248072e+75  |
|    146  |  1.46e-01  |  (-2.26955174e-16,8.89555626e-19)  |    2.40707794e-90   |   9.42873155e+75  |
|    147  |  1.47e-01  |  (-4.60361547e-16,-8.85897259e-17)  |    1.33536484e-91   |   3.51071060e+77  |
|    148  |  1.48e-01  |  (1.72204120e-16,9.63558100e-16)  |    7.26335199e-93   |   1.34762166e+79  |
|    149  |  1.49e-01  |  (-3.87949257e-16,-8.76660342e-16)  |    3.87348266e-94   |   2.47494250e+80  |
|    150  |  1.50e-01  |  (2.15962041e-16,-5.15189978e-16)  |    2.02531935e-95   |   2.75820004e+81  |
|    151  |  1.51e-01  |  (-3.07864613e-16,4.85002229e-16)  |    1.03827591e-96   |   5.53285529e+82  |
|    152  |  1.52e-01  |  (1.23527227e-16,-2.53256061e-17)  |    5.21866495e-98   |   2.41626238e+83  |
|    153  |  1.53e-01  |  (7.57099848e-16,8.30390173e-16)  |    2.57177768e-99   |   4.36943140e+85  |
|    154  |  1.54e-01  |  (-9.84100345e-16,-6.68978003e-16)  |   1.24260987e-100   |   9.57622925e+86  |
|    155  |  1.55e-01  |  (-4.61153908e-16,1.32544170e-15)  |   5.88658676e-102   |   2.38401993e+88  |
|    156  |  1.56e-01  |  (-3.52240669e-16,-1.91657997e-16)  |   2.73413320e-103   |   1.46666805e+89  |
|    157  |  1.57e-01  |  (3.60204255e-16,2.59663302e-16)  |   1.24509692e-104   |   3.56631428e+90  |
|    158  |  1.58e-01  |  (-5.17846668e-16,-1.39546113e-16)  |   5.55922200e-106   |   9.64737880e+91  |
|    159  |  1.59e-01  |  (1.09074307e-15,-1.89492523e-16)  |   2.43361710e-107   |   4.54911654e+93  |
|    160  |  1.60e-01  |  (-2.02014393e-16,8.81092793e-16)  |   1.04452262e-108   |   8.65423886e+94  |
|    161  |  1.61e-01  |  (1.14115370e-15,1.71148335e-16)  |   4.39552567e-110   |   2.62520729e+96  |
|    162  |  1.62e-01  |  (-1.92239337e-15,5.05947415e-16)  |   1.81355680e-111   |   1.09611008e+98  |
|    163  |  1.63e-01  |  (3.49296906e-16,1.76497705e-16)  |   7.33633030e-113   |   5.33449698e+98  |
|    164  |  1.64e-01  |  (3.03088717e-16,1.14668020e-16)  |   2.90973849e-114   |  1.11369052e+100  |
|    165  |  1.65e-01  |  (-1.38270336e-15,1.95831777e-16)  |   1.13150483e-115   |  1.23419914e+102  |
|    166  |  1.66e-01  |  (-3.01204916e-16,5.21444026e-16)  |   4.31406056e-117   |  1.39586878e+103  |
|    167  |  1.67e-01  |  (-1.80004666e-16,1.58289704e-15)  |   1.61266230e-118   |  9.87869002e+104  |
|    168  |  1.68e-01  |  (-5.15863394e-16,7.72108750e-16)  |   5.91055139e-120   |  1.57106038e+106  |
|    169  |  1.69e-01  |  (-4.75856334e-16,3.73403861e-16)  |   2.12392870e-121   |  2.84789048e+107  |
|    170  |  1.70e-01  |  (2.56088553e-16,-7.01480752e-17)  |   7.48306022e-123   |  3.54831187e+108  |
|    171  |  1.71e-01  |  (5.70290343e-17,-1.68125498e-16)  |   2.58491292e-124   |  6.86810318e+109  |
|    172  |  1.72e-01  |  (-4.85722573e-17,7.23927319e-16)  |   8.75467373e-126   |  8.28763015e+111  |
|    173  |  1.73e-01  |  (-9.45424294e-16,2.33002379e-16)  |   2.90710945e-127   |  3.34942016e+113  |
|    174  |  1.74e-01  |  (3.16587034e-16,-7.72666996e-16)  |   9.46477234e-129   |  8.82229316e+114  |
|    175  |  1.75e-01  |  (2.16840434e-16,1.68071140e-16)  |   3.02124769e-130   |  9.08067097e+115  |
|    176  |  1.76e-01  |  (-3.29597460e-16,-1.90495053e-16)  |   9.45561674e-132   |  4.02604453e+117  |
|    177  |  1.77e-01  |  (-8.70831185e-16,-4.91564996e-16)  |   2.90148788e-133   |  3.44647846e+119  |
|    178  |  1.78e-01  |  (-1.38777878e-16,3.00068110e-16)  |   8.72929222e-135   |  3.78731463e+120  |
|    179  |  1.79e-01  |  (1.66533454e-16,1.14107401e-16)  |   2.57492553e-136   |  7.84006857e+121  |
|    180  |  1.80e-01  |  (-1.52655666e-16,4.92792429e-17)  |   7.44693710e-138   |  2.15407460e+123  |
|    181  |  1.81e-01  |  (-3.05311332e-16,-4.33228896e-17)  |   2.11163119e-139   |  1.46033890e+125  |
|    182  |  1.82e-01  |  (3.05311332e-16,7.07419480e-17)  |   5.87064503e-141   |  5.33842185e+126  |
|    183  |  1.83e-01  |  (-3.88578059e-16,6.77770636e-16)  |   1.60022461e-142   |  4.88218466e+128  |
|    184  |  1.84e-01  |  (-8.88178420e-16,-1.49928573e-16)  |   4.27664734e-144   |  2.10619155e+130  |
|    185  |  1.85e-01  |  (-5.55111512e-16,-1.18282254e-16)  |   1.12060693e-145   |  5.06487434e+131  |
|    186  |  1.86e-01  |  (2.22044605e-16,2.34481755e-16)  |   2.87892624e-147   |  1.12171215e+133  |
|    187  |  1.87e-01  |  (2.22044605e-16,-4.91317978e-16)  |   7.25162177e-149   |  7.43507325e+134  |
|    188  |  1.88e-01  |  (1.11022302e-15,5.99494066e-16)  |   1.79088262e-150   |  7.04535393e+136  |
|    189  |  1.89e-01  |  (1.55431223e-15,6.23766797e-16)  |   4.33637136e-152   |  3.86222670e+138  |
|    190  |  1.90e-01  |  (0.00000000e+00,-1.51752731e-16)  |   1.02946879e-153   |  1.47408773e+139  |
|    191  |  1.91e-01  |  (-1.33226763e-15,7.37263901e-16)  |   2.39622322e-155   |  6.35441856e+141  |
|    192  |  1.92e-01  |  (-4.44089210e-16,-5.34440039e-16)  |   5.46850648e-157   |  1.27067215e+143  |
|    193  |  1.93e-01  |  (0.00000000e+00,5.42960638e-16)  |   1.22359462e-158   |  4.43742255e+144  |
|    194  |  1.94e-01  |  (4.44089210e-16,-1.32987535e-15)  |   2.68431674e-160   |  5.22316931e+146  |
|    195  |  1.95e-01  |  (0.00000000e+00,2.61276457e-15)  |   5.77374142e-162   |  4.52525388e+148  |
|    196  |  1.96e-01  |  (-1.77635684e-15,4.34441361e-16)  |   1.21761018e-163   |  1.50188521e+150  |
|    197  |  1.97e-01  |  (2.66453526e-15,5.57041783e-16)  |   2.51759914e-165   |  1.08124423e+152  |
|    198  |  1.98e-01  |  (-8.88178420e-16,-1.45420203e-16)  |   5.10378373e-167   |  1.76340625e+153  |
|    199  |  1.99e-01  |  (-8.88178420e-16,2.44610638e-15)  |   1.01443755e-168   |  2.56532677e+155  |
|    200  |  2.00e-01  |  (0.00000000e+00,-6.45299394e-16)  |   1.97690472e-170   |  3.26419067e+156  |
|    201  |  2.01e-01  |  (1.31319254e-15,1.66967227e-15)  |   3.77723088e-172   |  5.62373044e+158  |
|    202  |  2.02e-01  |  (1.40143365e-15,-1.65829611e-15)  |   7.07601419e-174   |  3.06834618e+160  |
|    203  |  2.03e-01  |  (3.45414363e-15,2.83903345e-16)  |   1.29966442e-175   |  2.66668168e+162  |
|    204  |  2.04e-01  |  (-3.69927460e-16,2.06500558e-16)  |   2.34045952e-177   |  1.81016244e+163  |
|    205  |  2.05e-01  |  (1.89125717e-15,-1.17937914e-15)  |   4.13236248e-179   |  5.39365488e+165  |
|    206  |  2.06e-01  |  (2.65075123e-15,1.27337253e-15)  |   7.15357370e-181   |  4.11087027e+167  |
|    207  |  2.07e-01  |  (2.79895248e-15,-3.65801617e-16)  |   1.21415763e-182   |  2.32486701e+169  |
|    208  |  2.08e-01  |  (-2.38937838e-16,-2.90807864e-16)  |   2.02047955e-184   |  1.86281588e+170  |
|    209  |  2.09e-01  |  (3.72806341e-16,-1.35647517e-15)  |   3.29656176e-186   |  4.26739377e+172  |
|    210  |  2.10e-01  |  (-7.05928858e-16,-7.18916577e-17)  |   5.27345622e-188   |  1.34556940e+174  |
|    211  |  2.11e-01  |  (-1.08716264e-16,-5.67196644e-17)  |   8.27097758e-190   |  1.48256696e+175  |
|    212  |  2.12e-01  |  (-8.48246593e-16,-5.83228508e-16)  |   1.27187875e-191   |  8.09359000e+177  |
|    213  |  2.13e-01  |  (1.11405444e-15,-5.05012812e-16)  |   1.91761736e-193   |  6.37861479e+179  |
|    214  |  2.14e-01  |  (-6.85353105e-16,-1.21979906e-16)  |   2.83468994e-195   |  2.45573078e+181  |
|    215  |  2.15e-01  |  (-4.46421717e-16,-4.80061466e-16)  |   4.10843617e-197   |  1.59562961e+183  |
|    216  |  2.16e-01  |  (-8.42155227e-16,1.85503802e-16)  |   5.83814524e-199   |  1.47708547e+185  |
|    217  |  2.17e-01  |  (5.28990318e-17,-2.83578879e-16)  |   8.13393350e-201   |  3.54650800e+186  |
|    218  |  2.18e-01  |  (-9.47703428e-16,2.47567091e-17)  |   1.11110144e-202   |  8.53231486e+188  |
|    219  |  2.19e-01  |  (-9.16514722e-17,-3.90930721e-16)  |   1.48810704e-204   |  2.69826421e+190  |
|    220  |  2.20e-01  |  (-1.12740755e-15,5.05200957e-16)  |   1.95407850e-206   |  6.32229129e+192  |
|    221  |  2.21e-01  |  (-4.70363601e-16,-5.36931199e-16)  |   2.51580636e-208   |  2.83733533e+194  |
|    222  |  2.22e-01  |  (-5.08113950e-16,4.35569818e-16)  |   3.17570231e-210   |  2.10742030e+196  |
|    223  |  2.23e-01  |  (-3.41773527e-16,4.14913538e-16)  |   3.93033646e-212   |  1.36770026e+198  |
|    224  |  2.24e-01  |  (-6.14676753e-16,-4.37920285e-17)  |   4.76921659e-214   |  1.29210894e+200  |
|    225  |  2.25e-01  |  (-4.25015525e-16,2.27578463e-17)  |   5.67403136e-216   |  7.50126950e+201  |
|    226  |  2.26e-01  |  (-1.04525743e-15,-2.29024590e-16)  |   6.61856425e-218   |  1.61674627e+204  |
|    227  |  2.27e-01  |  (-7.49549956e-16,-9.71635639e-17)  |   7.56943068e-220   |  9.98518078e+205  |
|    228  |  2.28e-01  |  (-6.89929611e-16,1.86238612e-16)  |   8.48769987e-222   |  8.41952673e+207  |
|    229  |  2.29e-01  |  (-1.20741773e-15,3.46612346e-16)  |   9.33134362e-224   |  1.34619818e+210  |
|    230  |  2.30e-01  |  (-1.18528309e-15,-4.65539424e-16)  |   1.00583263e-225   |  1.26604523e+212  |
|    231  |  2.31e-01  |  (-2.00180086e-16,3.52719977e-16)  |   1.06300334e-227   |  3.81528048e+213  |
|    232  |  2.32e-01  |  (-2.66423366e-16,-1.09311171e-16)  |   1.10146553e-229   |  2.61448297e+215  |
|    233  |  2.33e-01  |  (6.25599435e-16,1.26255948e-15)  |   1.11901153e-231   |  1.25919458e+218  |
|    234  |  2.34e-01  |  (-3.16136296e-16,-7.18495577e-16)  |   1.11461679e-233   |  7.04251093e+219  |
|    235  |  2.35e-01  |  (2.50824872e-16,-5.57131663e-16)  |   1.08853895e-235   |  5.61293669e+221  |
|    236  |  2.36e-01  |  (-1.23274808e-15,-3.03286356e-18)  |   1.04229280e-237   |  1.18273081e+224  |
|    237  |  2.37e-01  |  (3.06523102e-16,3.11109172e-17)  |   9.78504594e-240   |  3.14866050e+225  |
|    238  |  2.38e-01  |  (6.25242736e-17,1.47893408e-15)  |   9.00665179e-242   |  1.64351324e+228  |
|    239  |  2.39e-01  |  (1.68469882e-15,1.24552000e-15)  |   8.12814133e-244   |  2.57761336e+230  |
|    240  |  2.40e-01  |  (1.11346896e-15,2.50231339e-17)  |   7.19194720e-246   |  1.54860716e+232  |
|    241  |  2.41e-01  |  (2.05044959e-15,6.38942005e-16)  |   6.23920285e-248   |  3.44225738e+234  |
|    242  |  2.42e-01  |  (1.25505553e-15,3.10893519e-16)  |   5.30687784e-250   |  2.43643909e+236  |
|    243  |  2.43e-01  |  (-2.84375612e-16,-5.25787081e-17)  |   4.42564370e-252   |  6.53453986e+237  |
|    244  |  2.44e-01  |  (8.83609087e-16,3.61135838e-16)  |   3.61860495e-254   |  2.63792167e+240  |
|    245  |  2.45e-01  |  (1.82802160e-15,-1.33404637e-15)  |   2.90090342e-256   |  7.80115036e+242  |
|    246  |  2.46e-01  |  (2.27793701e-16,-7.54876726e-16)  |   2.28009393e-258   |  3.45818139e+244  |
|    247  |  2.47e-01  |  (9.44011353e-16,1.81686742e-15)  |   1.75711253e-260   |  1.16525128e+247  |
|    248  |  2.48e-01  |  (-5.21004986e-18,-5.13345768e-16)  |   1.32762000e-262   |  3.86686106e+248  |
|    249  |  2.49e-01  |  (1.43366169e-16,1.20201891e-15)  |   9.83502264e-265   |  1.23084459e+251  |
|    250  |  2.50e-01  |  (2.78536450e-16,2.64263686e-16)  |   7.14338922e-267   |  5.37490412e+252  |
|    251  |  2.51e-01  |  (3.60104213e-17,-2.60050890e-16)  |   5.08698707e-269   |  5.16086065e+254  |
|    252  |  2.52e-01  |  (-2.92412551e-16,2.57029003e-16)  |   3.55176583e-271   |  1.09612701e+257  |
|    253  |  2.53e-01  |  (-4.43999326e-16,-4.95861931e-16)  |   2.43139426e-273   |  2.73749644e+259  |
|    254  |  2.54e-01  |  (2.79681927e-16,-6.70682194e-17)  |   1.63190104e-275   |  1.76242959e+261  |
|    255  |  2.55e-01  |  (-7.33693580e-17,1.08107729e-15)  |   1.07388956e-277   |  1.00900888e+264  |
|    256  |  2.56e-01  |  (-4.43128137e-16,1.69165531e-16)  |   6.92871653e-280   |  6.84571322e+265  |
|    257  |  2.57e-01  |  (-5.09182990e-16,6.69987487e-17)  |   4.38301884e-282   |  1.17173111e+268  |
|    258  |  2.58e-01  |  (8.02246798e-17,8.32188615e-17)  |   2.71844938e-284   |  4.25210888e+269  |
|    259  |  2.59e-01  |  (-9.13374225e-16,-3.58296787e-16)  |   1.65309014e-286   |  5.93516708e+272  |
|    260  |  2.60e-01  |  (-1.21934315e-16,3.05722069e-16)  |   9.85596587e-289   |  3.33951285e+274  |
|    261  |  2.61e-01  |  (8.75815485e-17,2.82503238e-16)  |   5.76141577e-291   |  5.13359629e+276  |
|    262  |  2.62e-01  |  (-6.78958116e-16,3.19329112e-17)  |   3.30207256e-293   |  2.05843035e+279  |
|    263  |  2.63e-01  |  (-1.19651682e-15,3.05702681e-16)  |   1.85554452e-295   |  6.65546990e+281  |
|    264  |  2.64e-01  |  (-5.20911397e-16,1.26118403e-16)  |   1.02231214e-297   |  5.24263871e+283  |
|    265  |  2.65e-01  |  (-1.03600380e-16,1.57897763e-16)  |   5.52233851e-300   |  3.41976702e+285  |
|    266  |  2.66e-01  |  (-2.85920521e-16,1.05081496e-16)  |   2.92475777e-302   |  1.04151834e+288  |
|    267  |  2.67e-01  |  (-1.59978120e-16,-1.40133488e-15)  |   1.51874252e-304   |  9.28687354e+290  |
|    268  |  2.68e-01  |  (-1.20023529e-16,1.31062623e-17)  |   7.73224794e-307   |  1.56147338e+292  |
|    269  |  2.69e-01  |  (1.01114947e-16,-1.87113438e-16)  |   3.85971077e-309   |  5.51043341e+294  |
|    270  |  2.70e-01  |  (-1.30514544e-16,4.23579828e-16)  |   1.88899636e-311   |  2.34638473e+297  |
|    271  |  2.71e-01  |  (-1.05588484e-16,2.47038996e-16)  |   9.06431215e-314   |  2.96391089e+299  |
|    272  |  2.72e-01  |  (6.52075391e-16,2.38039373e-16)  |   4.26447851e-316   |  1.62778405e+302  |
|    273  |  2.73e-01  |  (-2.82497891e-15,-1.14972805e-17)  |   1.96698897e-318   |  1.43620648e+305  |
|    274  |  2.74e-01  |  (3.42316798e-16,2.44905186e-16)  |   8.86353769e-321   |  4.74870217e+306  |
|    275  |  2.75e-01  |  (-2.61029088e-16,5.19238757e-16)  |    0.00000000e+00   |              inf  |
|    276  |  2.76e-01  |  (-2.61029088e-16,-2.63832411e-16)  |    0.00000000e+00   |              inf  |
|    277  |  2.77e-01  |  (-1.77485035e-15,1.36594405e-15)  |    0.00000000e+00   |              inf  |
|    278  |  2.78e-01  |  (5.35077237e-16,-2.42274489e-15)  |    0.00000000e+00   |              inf  |
|    279  |  2.79e-01  |  (2.46637735e-15,-3.82932606e-16)  |    0.00000000e+00   |              inf  |
|    280  |  2.80e-01  |  (-8.53633385e-17,-3.36429950e-16)  |    0.00000000e+00   |              inf  |
|    281  |  2.81e-01  |  (9.91153680e-16,-9.79007884e-16)  |    0.00000000e+00   |              inf  |
|    282  |  2.82e-01  |  (3.00633293e-17,-4.72937051e-16)  |    0.00000000e+00   |              inf  |
|    283  |  2.83e-01  |  (-5.86984276e-16,1.20961399e-15)  |    0.00000000e+00   |              inf  |
|    284  |  2.84e-01  |  (3.64697453e-17,1.18233855e-15)  |    0.00000000e+00   |              inf  |
|    285  |  2.85e-01  |  (-1.13624778e-15,-4.17776383e-16)  |    0.00000000e+00   |              inf  |
|    286  |  2.86e-01  |  (2.89236121e-16,5.17590268e-16)  |    0.00000000e+00   |              inf  |
|    287  |  2.87e-01  |  (-6.63991032e-16,-1.79297555e-15)  |    0.00000000e+00   |              inf  |
|    288  |  2.88e-01  |  (1.08925254e-16,5.04845799e-16)  |    0.00000000e+00   |              inf  |
|    289  |  2.89e-01  |  (-5.76245497e-16,-5.74137035e-16)  |    0.00000000e+00   |              inf  |
|    290  |  2.90e-01  |  (-1.80727050e-16,-2.61764340e-16)  |    0.00000000e+00   |              inf  |
|    291  |  2.91e-01  |  (3.16701915e-16,6.82709747e-16)  |    0.00000000e+00   |              inf  |
|    292  |  2.92e-01  |  (4.11190930e-16,-3.12639981e-16)  |    0.00000000e+00   |              inf  |
|    293  |  2.93e-01  |  (-1.58016129e-16,1.27786086e-16)  |    0.00000000e+00   |              inf  |
|    294  |  2.94e-01  |  (-1.43474297e-16,-5.44110679e-16)  |    0.00000000e+00   |              inf  |
|    295  |  2.95e-01  |  (6.68604486e-16,-6.29651819e-16)  |    0.00000000e+00   |              inf  |
|    296  |  2.96e-01  |  (7.19796167e-16,1.34055159e-16)  |    0.00000000e+00   |              inf  |
|    297  |  2.97e-01  |  (-1.22296120e-16,2.50149296e-18)  |    0.00000000e+00   |              inf  |
|    298  |  2.98e-01  |  (-2.05461579e-16,-1.76082963e-16)  |    0.00000000e+00   |              inf  |
|    299  |  2.99e-01  |  (4.62011035e-16,6.83343973e-17)  |    0.00000000e+00   |              inf  |
|    300  |  3.00e-01  |  (-5.82256981e-16,-3.06954876e-16)  |    0.00000000e+00   |              inf  |
|    301  |  3.01e-01  |  (3.12601905e-16,-8.00315786e-16)  |    0.00000000e+00   |              inf  |
|    302  |  3.02e-01  |  (2.16314462e-16,-2.45622011e-16)  |    0.00000000e+00   |              inf  |
|    303  |  3.03e-01  |  (-4.60666181e-16,4.38354709e-16)  |    0.00000000e+00   |              inf  |
|    304  |  3.04e-01  |  (-2.08336309e-17,2.63082274e-16)  |    0.00000000e+00   |              inf  |
|    305  |  3.05e-01  |  (-6.67390060e-16,1.13270292e-16)  |    0.00000000e+00   |              inf  |
|    306  |  3.06e-01  |  (-4.53186918e-16,-1.78653475e-16)  |    0.00000000e+00   |              inf  |
|    307  |  3.07e-01  |  (-2.72570557e-16,-2.37057929e-16)  |    0.00000000e+00   |              inf  |
|    308  |  3.08e-01  |  (-2.49771747e-17,8.68546303e-16)  |    0.00000000e+00   |              inf  |
|    309  |  3.09e-01  |  (1.54651085e-16,-6.25655090e-16)  |    0.00000000e+00   |              inf  |
|    310  |  3.10e-01  |  (1.02747493e-16,3.27270620e-16)  |    0.00000000e+00   |              inf  |
|    311  |  3.11e-01  |  (-6.19101888e-17,-1.51520888e-16)  |    0.00000000e+00   |              inf  |
|    312  |  3.12e-01  |  (5.77042351e-17,3.06388421e-17)  |    0.00000000e+00   |              inf  |
|    313  |  3.13e-01  |  (-6.92153500e-16,3.95662040e-16)  |    0.00000000e+00   |              inf  |
|    314  |  3.14e-01  |  (1.11142504e-15,-1.79222763e-17)  |    0.00000000e+00   |              inf  |
|    315  |  3.15e-01  |  (-9.65963564e-16,-3.13709502e-16)  |    0.00000000e+00   |              inf  |
|    316  |  3.16e-01  |  (1.82293666e-15,-1.35744079e-17)  |    0.00000000e+00   |              inf  |
|    317  |  3.17e-01  |  (4.17282353e-16,1.07766027e-16)  |    0.00000000e+00   |              inf  |
|    318  |  3.18e-01  |  (3.30190439e-15,2.61940052e-16)  |    0.00000000e+00   |              inf  |
|    319  |  3.19e-01  |  (2.14872904e-15,-5.79001551e-16)  |    0.00000000e+00   |              inf  |
|    320  |  3.20e-01  |  (4.48252218e-16,1.57441862e-17)  |    0.00000000e+00   |              inf  |
|    321  |  3.21e-01  |  (2.50592086e-15,2.79217147e-16)  |    0.00000000e+00   |              inf  |
|    322  |  3.22e-01  |  (1.82125008e-15,-5.89876021e-16)  |    0.00000000e+00   |              inf  |
|    323  |  3.23e-01  |  (-1.19308003e-15,1.33859827e-15)  |    0.00000000e+00   |              inf  |
|    324  |  3.24e-01  |  (-2.54646164e-16,9.87508470e-16)  |    0.00000000e+00   |              inf  |
|    325  |  3.25e-01  |  (5.06671623e-16,-2.84638704e-16)  |    0.00000000e+00   |              inf  |
|    326  |  3.26e-01  |  (2.26795028e-16,1.86823030e-15)  |    0.00000000e+00   |              inf  |
|    327  |  3.27e-01  |  (2.27733819e-16,7.35560571e-16)  |    0.00000000e+00   |              inf  |
|    328  |  3.28e-01  |  (1.55321692e-15,1.05542250e-16)  |    0.00000000e+00   |              inf  |
|    329  |  3.29e-01  |  (2.38053148e-16,1.21000694e-16)  |    0.00000000e+00   |              inf  |
|    330  |  3.30e-01  |  (4.27686863e-17,-1.37309928e-16)  |    0.00000000e+00   |              inf  |
|    331  |  3.31e-01  |  (5.51721850e-16,-2.92481863e-16)  |    0.00000000e+00   |              inf  |
|    332  |  3.32e-01  |  (-2.66548686e-16,3.88108255e-16)  |    0.00000000e+00   |              inf  |
|    333  |  3.33e-01  |  (5.19281239e-16,2.56190564e-16)  |    0.00000000e+00   |              inf  |
|    334  |  3.34e-01  |  (4.75422849e-16,-1.06125685e-16)  |    0.00000000e+00   |              inf  |
|    335  |  3.35e-01  |  (1.29495541e-16,-3.45726000e-17)  |    0.00000000e+00   |              inf  |
|    336  |  3.36e-01  |  (5.43617092e-16,2.56672415e-16)  |    0.00000000e+00   |              inf  |
|    337  |  3.37e-01  |  (-5.07201229e-16,-6.99077401e-16)  |    0.00000000e+00   |              inf  |
|    338  |  3.38e-01  |  (-6.22074726e-16,2.60210642e-16)  |    0.00000000e+00   |              inf  |
|    339  |  3.39e-01  |  (-1.08922308e-16,7.45422801e-17)  |    0.00000000e+00   |              inf  |
|    340  |  3.40e-01  |  (-2.95916874e-16,-2.25420727e-16)  |    0.00000000e+00   |              inf  |
|    341  |  3.41e-01  |  (-8.15168796e-16,5.93427505e-16)  |    0.00000000e+00   |              inf  |
|    342  |  3.42e-01  |  (-8.24048356e-16,5.08089818e-16)  |    0.00000000e+00   |              inf  |
|    343  |  3.43e-01  |  (-8.49218916e-16,7.21136105e-16)  |    0.00000000e+00   |              inf  |
|    344  |  3.44e-01  |  (-4.55159982e-17,3.48160275e-17)  |    0.00000000e+00   |              inf  |
|    345  |  3.45e-01  |  (-5.98243163e-16,-1.20706499e-16)  |    0.00000000e+00   |              inf  |
|    346  |  3.46e-01  |  (-4.96877512e-16,-1.91175662e-17)  |    0.00000000e+00   |              inf  |
|    347  |  3.47e-01  |  (-3.40626544e-16,6.11477952e-16)  |    0.00000000e+00   |              inf  |
|    348  |  3.48e-01  |  (-1.28617912e-15,-3.54837478e-16)  |    0.00000000e+00   |              inf  |
|    349  |  3.49e-01  |  (-8.90116851e-17,6.10788513e-16)  |    0.00000000e+00   |              inf  |
|    350  |  3.50e-01  |  (-9.59741885e-16,4.84472813e-17)  |    0.00000000e+00   |              inf  |
|    351  |  3.51e-01  |  (-1.03106066e-15,-1.84436927e-16)  |    0.00000000e+00   |              inf  |
|    352  |  3.52e-01  |  (-7.54034893e-16,3.54570309e-16)  |    0.00000000e+00   |              inf  |
|    353  |  3.53e-01  |  (1.20407683e-15,-5.73282986e-16)  |    0.00000000e+00   |              inf  |
|    354  |  3.54e-01  |  (4.64167228e-16,-7.68767248e-16)  |    0.00000000e+00   |              inf  |
|    355  |  3.55e-01  |  (-2.34365651e-15,1.51775695e-15)  |    0.00000000e+00   |              inf  |
|    356  |  3.56e-01  |  (1.80660809e-16,-3.54727976e-16)  |    0.00000000e+00   |              inf  |
|    357  |  3.57e-01  |  (4.84947780e-16,-1.19430298e-15)  |    0.00000000e+00   |              inf  |
|    358  |  3.58e-01  |  (1.12871481e-15,1.04119589e-15)  |    0.00000000e+00   |              inf  |
|    359  |  3.59e-01  |  (-5.75160676e-16,3.19199733e-16)  |    0.00000000e+00   |              inf  |
|    360  |  3.60e-01  |  (-6.02452819e-16,6.49026481e-16)  |    0.00000000e+00   |              inf  |
|    361  |  3.61e-01  |  (-1.12442470e-15,-1.64297173e-15)  |    0.00000000e+00   |              inf  |
|    362  |  3.62e-01  |  (6.66274105e-16,1.16802240e-15)  |    0.00000000e+00   |              inf  |
|    363  |  3.63e-01  |  (-1.26319696e-15,1.34825388e-15)  |    0.00000000e+00   |              inf  |
|    364  |  3.64e-01  |  (-7.62673124e-16,-1.25962977e-16)  |    0.00000000e+00   |              inf  |
|    365  |  3.65e-01  |  (4.15796615e-16,1.76574883e-15)  |    0.00000000e+00   |              inf  |
|    366  |  3.66e-01  |  (-1.08564213e-15,-5.03185864e-16)  |    0.00000000e+00   |              inf  |
|    367  |  3.67e-01  |  (-1.15572563e-16,-3.56767858e-16)  |    0.00000000e+00   |              inf  |
|    368  |  3.68e-01  |  (-5.06742543e-16,5.02866168e-16)  |    0.00000000e+00   |              inf  |
|    369  |  3.69e-01  |  (-5.27288174e-16,-1.27426040e-16)  |    0.00000000e+00   |              inf  |
|    370  |  3.70e-01  |  (-7.05273513e-16,-5.90989097e-16)  |    0.00000000e+00   |              inf  |
|    371  |  3.71e-01  |  (-5.49365241e-16,1.29169215e-15)  |    0.00000000e+00   |              inf  |
|    372  |  3.72e-01  |  (4.03702679e-16,3.12923176e-16)  |    0.00000000e+00   |              inf  |
|    373  |  3.73e-01  |  (-4.45607093e-16,-4.91392035e-17)  |    0.00000000e+00   |              inf  |
|    374  |  3.74e-01  |  (1.68918698e-16,1.08073532e-16)  |    0.00000000e+00   |              inf  |
|    375  |  3.75e-01  |  (-4.62737487e-16,-8.56393526e-16)  |    0.00000000e+00   |              inf  |
|    376  |  3.76e-01  |  (-5.33427469e-17,-1.33502814e-16)  |    0.00000000e+00   |              inf  |
|    377  |  3.77e-01  |  (-4.03323208e-16,-2.51048249e-16)  |    0.00000000e+00   |              inf  |
|    378  |  3.78e-01  |  (-1.24900090e-16,-9.79354875e-17)  |    0.00000000e+00   |              inf  |
|    379  |  3.79e-01  |  (-8.70831185e-16,-2.27190717e-16)  |    0.00000000e+00   |              inf  |
|    380  |  3.80e-01  |  (6.55725474e-16,-1.08721850e-16)  |    0.00000000e+00   |              inf  |
|    381  |  3.81e-01  |  (-1.08940634e-15,6.02381938e-16)  |    0.00000000e+00   |              inf  |
|    382  |  3.82e-01  |  (-9.02056208e-17,3.94854767e-16)  |    0.00000000e+00   |              inf  |
|    383  |  3.83e-01  |  (2.08166817e-17,-3.41908062e-16)  |    0.00000000e+00   |              inf  |
|    384  |  3.84e-01  |  (-9.71445147e-16,-3.28633226e-16)  |    0.00000000e+00   |              inf  |
|    385  |  3.85e-01  |  (-3.46944695e-16,-1.38536675e-16)  |    0.00000000e+00   |              inf  |
|    386  |  3.86e-01  |  (2.77555756e-17,-1.62032840e-16)  |    0.00000000e+00   |              inf  |
|    387  |  3.87e-01  |  (-5.82867088e-16,-5.11189524e-17)  |    0.00000000e+00   |              inf  |
|    388  |  3.88e-01  |  (1.27675648e-15,-3.70075584e-16)  |    0.00000000e+00   |              inf  |
|    389  |  3.89e-01  |  (-7.21644966e-16,1.29189208e-17)  |    0.00000000e+00   |              inf  |
|    390  |  3.90e-01  |  (1.33226763e-15,-5.94778141e-16)  |    0.00000000e+00   |              inf  |
|    391  |  3.91e-01  |  (9.99200722e-16,3.50013954e-17)  |    0.00000000e+00   |              inf  |
|    392  |  3.92e-01  |  (-1.66533454e-15,6.99787999e-16)  |    0.00000000e+00   |              inf  |
|    393  |  3.93e-01  |  (-1.44328993e-15,6.84007824e-16)  |    0.00000000e+00   |              inf  |
|    394  |  3.94e-01  |  (3.44169138e-15,7.23509212e-16)  |    0.00000000e+00   |              inf  |
|    395  |  3.95e-01  |  (2.77555756e-15,-1.42558830e-15)  |    0.00000000e+00   |              inf  |
|    396  |  3.96e-01  |  (2.22044605e-16,-1.82688468e-15)  |    0.00000000e+00   |              inf  |
|    397  |  3.97e-01  |  (0.00000000e+00,-2.12538763e-15)  |    0.00000000e+00   |              inf  |
|    398  |  3.98e-01  |  (-8.88178420e-16,1.01016888e-15)  |    0.00000000e+00   |              inf  |
|    399  |  3.99e-01  |  (-2.44249065e-15,-1.67213603e-15)  |    0.00000000e+00   |              inf  |
|    400  |  4.00e-01  |  (0.00000000e+00,-2.73353210e-15)  |    0.00000000e+00   |              inf  |
|    401  |  4.01e-01  |  (5.74231246e-15,-3.60732291e-15)  |    0.00000000e+00   |              inf  |
|    402  |  4.02e-01  |  (5.71020864e-15,-6.98800991e-16)  |    0.00000000e+00   |              inf  |
|    403  |  4.03e-01  |  (-3.45453720e-16,-1.88330065e-15)  |    0.00000000e+00   |              inf  |
|    404  |  4.04e-01  |  (-3.01587592e-16,-1.89153323e-16)  |    0.00000000e+00   |              inf  |
|    405  |  4.05e-01  |  (-1.86219888e-15,1.29038371e-15)  |    0.00000000e+00   |              inf  |
|    406  |  4.06e-01  |  (1.66012366e-15,4.54216003e-16)  |    0.00000000e+00   |              inf  |
|    407  |  4.07e-01  |  (-1.34499756e-15,-1.47973924e-15)  |    0.00000000e+00   |              inf  |
|    408  |  4.08e-01  |  (5.63686815e-16,-3.68387057e-16)  |    0.00000000e+00   |              inf  |
|    409  |  4.09e-01  |  (1.42693917e-15,-1.18391008e-16)  |    0.00000000e+00   |              inf  |
|    410  |  4.10e-01  |  (2.56830530e-16,2.69456788e-16)  |    0.00000000e+00   |              inf  |
|    411  |  4.11e-01  |  (-3.99503591e-16,3.34707232e-16)  |    0.00000000e+00   |              inf  |
|    412  |  4.12e-01  |  (-5.20592570e-16,-3.71477185e-16)  |    0.00000000e+00   |              inf  |
|    413  |  4.13e-01  |  (-6.37741883e-17,4.05289350e-16)  |    0.00000000e+00   |              inf  |
|    414  |  4.14e-01  |  (-4.66941792e-16,3.07336223e-16)  |    0.00000000e+00   |              inf  |
|    415  |  4.15e-01  |  (-9.50978393e-17,-9.54128323e-17)  |    0.00000000e+00   |              inf  |
|    416  |  4.16e-01  |  (4.62805606e-17,1.67078744e-16)  |    0.00000000e+00   |              inf  |
|    417  |  4.17e-01  |  (-9.26618541e-16,1.96787919e-16)  |    0.00000000e+00   |              inf  |
|    418  |  4.18e-01  |  (-5.68481128e-16,-7.66407183e-17)  |    0.00000000e+00   |              inf  |
|    419  |  4.19e-01  |  (-2.51630861e-16,-3.82971391e-16)  |    0.00000000e+00   |              inf  |
|    420  |  4.20e-01  |  (-4.63238999e-16,7.62024296e-17)  |    0.00000000e+00   |              inf  |
|    421  |  4.21e-01  |  (-8.72712652e-16,-2.09244332e-16)  |    0.00000000e+00   |              inf  |
|    422  |  4.22e-01  |  (-7.62263544e-16,1.32757692e-16)  |    0.00000000e+00   |              inf  |
|    423  |  4.23e-01  |  (-9.83811158e-16,-5.81472351e-16)  |    0.00000000e+00   |              inf  |
|    424  |  4.24e-01  |  (-2.81643253e-16,-8.03120839e-17)  |    0.00000000e+00   |              inf  |
|    425  |  4.25e-01  |  (-8.64170253e-16,4.06933922e-16)  |    0.00000000e+00   |              inf  |
[...]
|    839  |  1.61e-01  |  (6.40582469e-16,-9.65953927e-16)  |   4.39552567e-110   |   2.63690166e+96  |
|    840  |  1.60e-01  |  (-2.02014393e-16,-8.81092793e-16)  |   1.04452262e-108   |   8.65423886e+94  |
|    841  |  1.59e-01  |  (1.98101313e-15,-2.78541001e-16)  |   2.43361710e-107   |   8.22027206e+93  |
|    842  |  1.58e-01  |  (-2.11159427e-15,-2.78001490e-16)  |   5.55922200e-106   |   3.83113997e+92  |
|    843  |  1.57e-01  |  (8.73696697e-16,2.01384116e-17)  |   1.24509692e-104   |   7.01896171e+90  |
|    844  |  1.56e-01  |  (8.47520838e-16,4.95290569e-16)  |   2.73413320e-103   |   3.59029142e+89  |
|    845  |  1.55e-01  |  (-1.56131889e-16,-4.20156872e-16)  |   5.88658676e-102   |   7.61440738e+87  |
|    846  |  1.54e-01  |  (6.74197568e-16,-2.78699849e-17)  |   1.24260987e-100   |   5.43029137e+86  |
|    847  |  1.53e-01  |  (-7.13269504e-16,-1.84500300e-16)  |    2.57177768e-99   |   2.86473197e+85  |
|    848  |  1.52e-01  |  (8.20632624e-16,-3.22334699e-16)  |    5.21866495e-98   |   1.68945027e+84  |
|    849  |  1.51e-01  |  (6.57568618e-16,-1.91573891e-16)  |    1.03827591e-96   |   6.59657598e+82  |
|    850  |  1.50e-01  |  (-8.56519716e-17,4.66353292e-17)  |    2.02531935e-95   |   4.81528709e+80  |
|    851  |  1.49e-01  |  (2.37006595e-16,-1.52221519e-16)  |    3.87348266e-94   |   7.27200397e+79  |
|    852  |  1.48e-01  |  (-1.69135539e-16,1.77564051e-16)  |    7.26335199e-93   |   3.37621067e+78  |
|    853  |  1.47e-01  |  (-1.94289029e-16,1.53026681e-16)  |    1.33536484e-91   |   1.85205102e+77  |
|    854  |  1.46e-01  |  (3.70363462e-16,3.26485467e-16)  |    2.40707794e-90   |   2.05112780e+76  |
|    855  |  1.45e-01  |  (1.09287579e-16,-1.17266366e-16)  |    4.25410043e-89   |   3.76806213e+74  |
|    856  |  1.44e-01  |  (1.63064007e-16,3.30956625e-16)  |    7.37144613e-88   |   5.00508799e+73  |
|    857  |  1.43e-01  |  (6.97358837e-16,8.11648345e-16)  |    1.25234799e-86   |   8.54463161e+72  |
|    858  |  1.42e-01  |  (4.99600361e-16,-2.06751524e-16)  |    2.08605004e-85   |   2.59193667e+71  |
|    859  |  1.41e-01  |  (1.11022302e-16,4.81971959e-16)  |    3.40684041e-84   |   1.45176654e+70  |
|    860  |  1.40e-01  |  (2.91433544e-16,-5.22692781e-17)  |    5.45514412e-83   |   5.42760640e+68  |
|    861  |  1.39e-01  |  (9.71445147e-16,9.15543975e-17)  |    8.56422441e-82   |   1.13933248e+68  |
|    862  |  1.38e-01  |  (3.05311332e-16,-7.17301101e-16)  |    1.31824830e-80   |   5.91371266e+66  |
|    863  |  1.37e-01  |  (7.21644966e-16,1.79827834e-16)  |    1.98945339e-79   |   3.73827970e+65  |
|    864  |  1.36e-01  |  (8.88178420e-16,8.66272695e-16)  |    2.94372808e-78   |   4.21465890e+64  |
|    865  |  1.35e-01  |  (7.77156117e-16,2.00202925e-16)  |    4.27060086e-77   |   1.87919465e+63  |
|    866  |  1.34e-01  |  (1.11022302e-15,-9.48027753e-16)  |    6.07445956e-76   |   2.40336606e+62  |
|    867  |  1.33e-01  |  (6.66133815e-16,6.70352560e-16)  |    8.47137054e-75   |   1.11557307e+61  |
|    868  |  1.32e-01  |  (6.66133815e-16,-1.06970961e-16)  |    1.15831607e-73   |   5.82455962e+59  |
|    869  |  1.31e-01  |  (2.22044605e-16,-6.33971317e-16)  |    1.55284410e-72   |   4.32581527e+58  |
|    870  |  1.30e-01  |  (8.88178420e-16,-3.62929699e-16)  |    2.04106107e-71   |   4.70082952e+57  |
|    871  |  1.29e-01  |  (-4.44089210e-16,-1.72091872e-17)  |    2.63033773e-70   |   1.68960252e+56  |
|    872  |  1.28e-01  |  (4.44089210e-16,-9.35058703e-16)  |    3.32349019e-69   |   3.11466843e+55  |
|    873  |  1.27e-01  |  (0.00000000e+00,5.92812758e-16)  |    4.11722553e-68   |   1.43983552e+54  |
|    874  |  1.26e-01  |  (-2.22044605e-15,-7.46196568e-16)  |    5.00083221e-67   |   4.68417072e+53  |
|    875  |  1.25e-01  |  (0.00000000e+00,1.87414251e-15)  |    5.95534987e-66   |   3.14698977e+52  |
|    876  |  1.24e-01  |  (-1.77635684e-15,1.06159069e-15)  |    6.95343899e-65   |   2.97608205e+51  |
|    877  |  1.23e-01  |  (-8.88178420e-16,1.02286627e-15)  |    7.96011582e-64   |   1.70181525e+50  |
|    878  |  1.22e-01  |  (-2.66453526e-15,1.32643700e-15)  |    8.93442270e-63   |   3.33142735e+49  |
|    879  |  1.21e-01  |  (8.88178420e-16,1.47098686e-15)  |    9.83197974e-62   |   1.74769637e+48  |
|    880  |  1.20e-01  |  (-1.57846327e-15,-8.85744810e-17)  |    1.06082275e-60   |   1.49030219e+47  |
|    881  |  1.19e-01  |  (-1.76850163e-15,3.95566136e-18)  |    1.12220460e-59   |   1.57592123e+46  |
|    882  |  1.18e-01  |  (2.03933387e-15,5.58014558e-16)  |    1.16393475e-58   |   1.81651043e+45  |
|    883  |  1.17e-01  |  (1.31935165e-15,1.15243870e-15)  |    1.18362083e-57   |   1.48003491e+44  |
|    884  |  1.16e-01  |  (-6.04006968e-16,1.02739137e-16)  |    1.18011391e-56   |   5.19172271e+42  |
|    885  |  1.15e-01  |  (-4.61435369e-17,1.11315441e-15)  |    1.15361962e-55   |   9.65751950e+41  |
|    886  |  1.14e-01  |  (-3.75632426e-17,-3.53407099e-16)  |    1.10567810e-54   |   3.21429692e+40  |
|    887  |  1.13e-01  |  (-1.49717698e-15,5.16882401e-16)  |    1.03901579e-53   |   1.52441342e+40  |
|    888  |  1.12e-01  |  (-4.33776456e-16,-1.69333888e-16)  |    9.57288769e-53   |   4.86432640e+38  |
|    889  |  1.11e-01  |  (-7.80719853e-16,-6.44788140e-17)  |    8.64751151e-52   |   9.05899860e+37  |
|    890  |  1.10e-01  |  (1.71130345e-16,-1.57405303e-16)  |    7.65890537e-51   |   3.03584398e+36  |
|    891  |  1.09e-01  |  (-6.98197261e-17,-1.00842495e-15)  |    6.65073479e-50   |   1.51989086e+36  |
|    892  |  1.08e-01  |  (-4.92605866e-16,-2.15648212e-16)  |    5.66239193e-49   |   9.49669968e+34  |
|    893  |  1.07e-01  |  (-1.32112443e-16,-5.00658683e-16)  |    4.72669515e-48   |   1.09547178e+34  |
|    894  |  1.06e-01  |  (-1.00241420e-15,-2.91195267e-16)  |    3.86850026e-47   |   2.69834005e+33  |
|    895  |  1.05e-01  |  (-1.48717147e-15,1.98344339e-16)  |    3.10423820e-46   |   4.83319799e+32  |
|    896  |  1.04e-01  |  (-3.42480709e-16,-3.19920450e-16)  |    2.44227642e-45   |   1.91894712e+31  |
|    897  |  1.03e-01  |  (-7.48654608e-16,-6.87048793e-16)  |    1.88391787e-44   |   5.39370539e+30  |
|    898  |  1.02e-01  |  (-9.35530205e-16,1.40392784e-16)  |    1.42480846e-43   |   6.63952935e+29  |
|    899  |  1.01e-01  |  (-3.24891110e-16,-7.82443520e-16)  |    1.05652159e-42   |   8.01890206e+28  |
|    900  |  1.00e-01  |  (-1.42475182e-16,-4.87908376e-16)  |    7.68117459e-42   |   6.61728374e+27  |
|    901  |  9.90e-02  |  (1.96764237e-16,-4.59130474e-16)  |    5.47525396e-41   |   9.12316994e+26  |
|    902  |  9.80e-02  |  (7.85900224e-16,-2.14456631e-16)  |    3.82655773e-40   |   2.12889872e+26  |
|    903  |  9.70e-02  |  (-7.20467736e-16,-2.09155349e-16)  |    2.62204199e-39   |   2.86117888e+25  |
|    904  |  9.60e-02  |  (-5.83593144e-16,7.02942394e-17)  |    1.76156383e-38   |   3.33687253e+24  |
|    905  |  9.50e-02  |  (-5.01678340e-16,-9.98730500e-16)  |    1.16033796e-37   |   9.63211623e+23  |
|    906  |  9.40e-02  |  (-3.43444969e-16,3.03917172e-17)  |    7.49372898e-37   |   4.60100761e+22  |
|    907  |  9.30e-02  |  (6.38919747e-17,-9.93390795e-16)  |    4.74502863e-36   |   2.09786584e+22  |
|    908  |  9.20e-02  |  (5.79813474e-16,-9.38299477e-16)  |    2.94582580e-35   |   3.74425125e+21  |
|    909  |  9.10e-02  |  (1.26867808e-15,-3.02488663e-16)  |    1.79309235e-34   |   7.27369437e+20  |
|    910  |  9.00e-02  |  (-2.19267735e-16,8.97217850e-17)  |    1.07010310e-33   |   2.21393807e+19  |
|    911  |  8.90e-02  |  (-1.31303182e-15,1.11816547e-16)  |    6.26146504e-33   |   2.10459422e+19  |
|    912  |  8.80e-02  |  (-6.81170170e-16,3.36272144e-16)  |    3.59214342e-32   |   2.11476075e+18  |
|    913  |  8.70e-02  |  (-1.82923530e-16,-1.52374090e-15)  |    2.02049949e-31   |   7.59555508e+17  |
|    914  |  8.60e-02  |  (-1.74688168e-15,-3.74770695e-16)  |    1.11427194e-30   |   1.60340620e+17  |
|    915  |  8.50e-02  |  (7.96568761e-16,-1.83460170e-15)  |    6.02491622e-30   |   3.31966657e+16  |
|    916  |  8.40e-02  |  (-7.24927106e-16,-1.51617277e-16)  |    3.19402420e-29   |   2.31874467e+15  |
|    917  |  8.30e-02  |  (-8.43346660e-16,6.61279127e-16)  |    1.66017076e-28   |   6.45531165e+14  |
|    918  |  8.20e-02  |  (-2.23975639e-15,-5.44846458e-16)  |    8.46047394e-28   |   2.72452118e+14  |
|    919  |  8.10e-02  |  (-1.33650142e-15,-5.53438213e-16)  |    4.22730899e-27   |   3.42193568e+13  |
|    920  |  8.00e-02  |  (-1.34945754e-15,1.20151067e-15)  |    2.07090733e-26   |   8.72486165e+12  |
|    921  |  7.90e-02  |  (-1.02254954e-16,-8.00959545e-16)  |    9.94683025e-26   |   8.11776577e+11  |
|    922  |  7.80e-02  |  (9.57744970e-16,-1.06800340e-15)  |    4.68420744e-25   |   3.06250439e+11  |
|    923  |  7.70e-02  |  (8.88059861e-16,-2.37961283e-15)  |    2.16279274e-24   |   1.17437177e+11  |
|    924  |  7.60e-02  |  (-1.66222954e-15,6.30357987e-16)  |    9.79086486e-24   |   1.81571258e+10  |
|    925  |  7.50e-02  |  (-1.53744120e-15,2.24467557e-16)  |    4.34564835e-23   |   3.57539526e+09  |
|    926  |  7.40e-02  |  (1.94777284e-16,-6.98946276e-17)  |    1.89110427e-22   |   1.09427121e+08  |
|    927  |  7.30e-02  |  (-5.73679357e-16,1.17525669e-16)  |    8.06870320e-22   |   7.25760680e+07  |
|    928  |  7.20e-02  |  (-1.06378751e-15,7.72940365e-16)  |    3.37535438e-21   |   3.89573272e+07  |
|    929  |  7.10e-02  |  (8.06842129e-16,8.02685793e-16)  |    1.38440252e-20   |   8.22089001e+06  |
|    930  |  7.00e-02  |  (-4.93210145e-16,6.98374678e-16)  |    5.56714790e-20   |   1.53580941e+06  |
|    931  |  6.90e-02  |  (-2.50010773e-16,-1.25512901e-16)  |    2.19497969e-19   |   1.27538337e+05  |
|    932  |  6.80e-02  |  (3.14546417e-16,6.40842842e-17)  |    8.48507382e-19   |   3.77341190e+04  |
|    933  |  6.70e-02  |  (1.82145954e-16,5.27006685e-16)  |    3.21594130e-18   |   1.73060894e+04  |
|    934  |  6.60e-02  |  (-2.89796460e-16,-6.75774831e-16)  |    1.19505522e-17   |   6.19287722e+03  |
|    935  |  6.50e-02  |  (-2.99710506e-16,-3.77354827e-16)  |    4.35406795e-17   |   1.17158418e+03  |
|    936  |  6.40e-02  |  (4.17296186e-16,-1.56078469e-16)  |    1.55535598e-16   |   1.95942743e+02  |
|    937  |  6.30e-02  |  (6.64018193e-16,-5.10985876e-16)  |    5.44743144e-16   |   9.63246504e+01  |
|    938  |  6.20e-02  |  (1.67209319e-15,-6.72748882e-16)  |    1.87060079e-15   |   3.74972843e+01  |
|    939  |  6.10e-02  |  (7.20888059e-15,-9.04925881e-16)  |    6.29792996e-15   |   2.03880588e+01  |
|    940  |  6.00e-02  |  (2.06514592e-14,-5.86551699e-16)  |    2.07893978e-14   |   2.89836604e+00  |
|    941  |  5.90e-02  |  (6.74274991e-14,-6.98845007e-16)  |    6.72842416e-14   |   1.06024412e+00  |
|    942  |  5.80e-02  |  (2.13643126e-13,6.94203405e-17)  |    2.13507033e-13   |   7.15554790e-02  |
|    943  |  5.70e-02  |  (6.63356368e-13,-1.55460738e-16)  |    6.64260425e-13   |   1.38097211e-01  |
|    944  |  5.60e-02  |  (2.02728287e-12,-2.72562891e-16)  |    2.02624494e-12   |   5.29610568e-02  |
|    945  |  5.50e-02  |  (6.05984250e-12,6.25803427e-17)  |    6.06000354e-12   |   2.85102723e-03  |
|    946  |  5.40e-02  |  (1.77703930e-11,-4.88230864e-16)  |    1.77697445e-11   |   4.56795320e-03  |
|    947  |  5.30e-02  |  (5.10887212e-11,-1.81019861e-16)  |    5.10877599e-11   |   1.91477347e-03  |
|    948  |  5.20e-02  |  (1.44006085e-10,1.22912354e-18)  |    1.44005774e-10   |   2.15809282e-04  |
|    949  |  5.10e-02  |  (3.97989405e-10,-3.48442830e-16)  |    3.97988317e-10   |   2.87096897e-04  |
|    950  |  5.00e-02  |  (1.07842037e-09,-7.79290843e-17)  |    1.07842044e-09   |   9.78230842e-06  |
|    951  |  4.90e-02  |  (2.86505742e-09,4.34306636e-16)  |    2.86505702e-09   |   2.05001219e-05  |
|    952  |  4.80e-02  |  (7.46286869e-09,1.26771403e-15)  |    7.46286866e-09   |   1.69907467e-05  |
|    953  |  4.70e-02  |  (1.90592440e-08,-2.49959569e-16)  |    1.90592452e-08   |   6.78292869e-06  |
|    954  |  4.60e-02  |  (4.77235754e-08,8.15586740e-17)  |    4.77235748e-08   |   1.33666542e-06  |
|    955  |  4.50e-02  |  (1.17162224e-07,-1.66897689e-15)  |    1.17162224e-07   |   1.57239839e-06  |
|    956  |  4.40e-02  |  (2.82013320e-07,9.83404956e-16)  |    2.82013319e-07   |   5.90297374e-07  |
|    957  |  4.30e-02  |  (6.65547415e-07,1.42595698e-15)  |    6.65547415e-07   |   2.16317206e-07  |
|    958  |  4.20e-02  |  (1.53998238e-06,-1.31320282e-15)  |    1.53998238e-06   |   1.88363057e-07  |
|    959  |  4.10e-02  |  (3.49365387e-06,-2.71668164e-15)  |    3.49365387e-06   |   9.15511174e-08  |
|    960  |  4.00e-02  |  (7.77090086e-06,2.01544200e-16)  |    7.77090086e-06   |   1.07559716e-08  |
|    961  |  3.90e-02  |  (1.69468986e-05,8.02421980e-16)  |    1.69468986e-05   |   5.10246626e-09  |
|    962  |  3.80e-02  |  (3.62356842e-05,7.66015753e-16)  |    3.62356842e-05   |   5.62400488e-09  |
|    963  |  3.70e-02  |  (7.59643928e-05,-1.39144647e-15)  |    7.59643928e-05   |   2.42811257e-09  |
|    964  |  3.60e-02  |  (1.56138875e-04,-1.19573854e-15)  |    1.56138875e-04   |   7.76832082e-10  |
|    965  |  3.50e-02  |  (3.14658445e-04,-2.28468981e-15)  |    3.14658445e-04   |   7.33009234e-10  |
|    966  |  3.40e-02  |  (6.21720387e-04,-3.12146508e-16)  |    6.21720387e-04   |   4.60425378e-10  |
|    967  |  3.30e-02  |  (1.20442066e-03,-1.26498019e-15)  |    1.20442066e-03   |   1.19301470e-10  |
|    968  |  3.20e-02  |  (2.28764512e-03,7.77394235e-16)  |    2.28764512e-03   |   4.26214768e-11  |
|    969  |  3.10e-02  |  (4.26016560e-03,7.78204294e-16)  |    4.26016560e-03   |   2.34598767e-11  |
|    970  |  3.00e-02  |  (7.77842519e-03,-2.20879282e-16)  |    7.77842519e-03   |   4.62161235e-12  |
|    971  |  2.90e-02  |  (1.39246487e-02,1.15176530e-16)  |    1.39246487e-02   |   4.69532328e-12  |
|    972  |  2.80e-02  |  (2.44401681e-02,6.74054019e-16)  |    2.44401681e-02   |   3.30273986e-12  |
|    973  |  2.70e-02  |  (4.20582791e-02,-8.00675972e-16)  |    4.20582791e-02   |   3.29485840e-12  |
|    974  |  2.60e-02  |  (7.09620542e-02,2.06367565e-16)  |    7.09620542e-02   |   6.54819390e-13  |
|    975  |  2.50e-02  |  (1.17389224e-01,3.81442127e-16)  |    1.17389224e-01   |   1.14646067e-12  |
|    976  |  2.40e-02  |  (1.90395926e-01,-3.83916721e-16)  |    1.90395926e-01   |   3.08322039e-13  |
|    977  |  2.30e-02  |  (3.02771118e-01,-1.16897451e-15)  |    3.02771118e-01   |   4.96199454e-13  |
|    978  |  2.20e-02  |  (4.72061527e-01,-1.52312626e-15)  |    4.72061527e-01   |   4.36499135e-13  |
|    979  |  2.10e-02  |  (7.21622624e-01,-1.46796041e-15)  |    7.21622624e-01   |   2.74711955e-13  |
|    980  |  2.00e-02  |  (1.08155608e+00,-9.53390926e-16)  |    1.08155608e+00   |   9.05090897e-14  |
|    981  |  1.90e-02  |  (1.58933453e+00,-2.31234120e-15)  |    1.58933453e+00   |   2.01708523e-13  |
|    982  |  1.80e-02  |  (2.28986017e+00,-1.17825895e-15)  |    2.28986017e+00   |   6.44370601e-14  |
|    983  |  1.70e-02  |  (3.23466999e+00,-2.90269862e-15)  |    3.23466999e+00   |   9.87376532e-14  |
|    984  |  1.60e-02  |  (4.48000363e+00,2.52527274e-16)  |    4.48000363e+00   |   4.00494480e-14  |
|    985  |  1.50e-02  |  (6.08350854e+00,-1.95015024e-15)  |    6.08350854e+00   |   3.20563410e-14  |
|    986  |  1.40e-02  |  (8.09948209e+00,-6.25941089e-16)  |    8.09948209e+00   |   2.32535036e-14  |
|    987  |  1.30e-02  |  (1.05727447e+01,-1.49051870e-15)  |    1.05727447e+01   |   5.23382714e-14  |
|    988  |  1.20e-02  |  (1.35314898e+01,-1.22150901e-16)  |    1.35314898e+01   |   9.02715829e-16  |
|    989  |  1.10e-02  |  (1.69797329e+01,1.79677588e-16)  |    1.69797329e+01   |   2.09500018e-14  |
|    990  |  1.00e-02  |  (2.08902416e+01,5.14381084e-16)  |    2.08902416e+01   |   1.71838988e-14  |
|    991  |  9.00e-03  |  (2.51990079e+01,-2.48238287e-15)  |    2.51990079e+01   |   9.85111349e-15  |
|    992  |  8.00e-03  |  (2.98023694e+01,9.08849893e-16)  |    2.98023694e+01   |   1.23047996e-14  |
|    993  |  7.00e-03  |  (3.45577545e+01,-1.12237390e-15)  |    3.45577545e+01   |   3.24782069e-15  |
|    994  |  6.00e-03  |  (3.92886952e+01,-5.52719237e-16)  |    3.92886952e+01   |   1.40681495e-15  |
|    995  |  5.00e-03  |  (4.37942475e+01,-1.38403832e-15)  |    4.37942475e+01   |   3.16031990e-15  |
|    996  |  4.00e-03  |  (4.78623370e+01,2.21079820e-15)  |    4.78623370e+01   |   1.55475477e-14  |
|    997  |  3.00e-03  |  (5.12859145e+01,7.79086388e-16)  |    5.12859145e+01   |   1.39375732e-14  |
|    998  |  2.00e-03  |  (5.38802593e+01,-3.25404467e-15)  |    5.38802593e+01   |   1.45045840e-14  |
|    999  |  1.00e-03  |  (5.54994426e+01,-3.10500875e-15)  |    5.54994426e+01   |   1.39717369e-14  |
<end of output>
Test time =   0.01 sec
----------------------------------------------------------
Test Passed.
"fft_test" end time: Feb 26 12:29 CET
"fft_test" time elapsed: 00:00:00
----------------------------------------------------------

6/6 Testing: simulation_test
6/6 Test: simulation_test
Command: "/home/gcistaro/NEGF/header/simulation_test"
Directory: /home/gcistaro/NEGF/header
"simulation_test" start time: Feb 26 12:29 CET
Output:
----------------------------------------------------------
M=A
invM 
MetricTensor 
M=A
invM 
MetricTensor 
key: Cartesian
   -2.1304     -1.23         0
key: LatticeVectors
        -1         0         0

key: Cartesian
   -2.1304      1.23         0
key: LatticeVectors
         0        -1         0

key: Cartesian
         0         0         0
key: LatticeVectors
         0         0         0

key: Cartesian
    2.1304     -1.23         0
key: LatticeVectors
         0         1         0

key: Cartesian
    2.1304      1.23         0
key: LatticeVectors
         1         0         0

Gonna create shared ptr
DONE!
Gonna create shared ptr
DONE!
Gonna create shared ptr
DONE!
Gonna create shared ptr
DONE!
Moving operator...
Moving operator...
Moving operator...
Moving operator...
TotalSize: 9
Size: 3 3 1
TotalSize: 9
Size: 3 3 1
Calculate_ConvolutionIndex 2
Calculate_ConvolutionIndex 3
Calculate_ConvolutionIndex 4
m1.get_TotalSize( ) 7 m3.get_TotalSize( ) 1
Done.

iR1 << << iR3: 0  0
         0         0         0
         0         0         0
m1[iR1]-m3[iR3]:          0         0         0

m1[iR1]-m3[iR3].norm(): 0
TYPE:: 0
iR1 << << iR3: 1  0
        -1         0         0
         0         0         0
m1[iR1]-m3[iR3]:         -1         0         0

m1[iR1]-m3[iR3].norm(): 2.46
TYPE:: 0
iR1 << << iR3: 2  0
        -1         1         0
         0         0         0
m1[iR1]-m3[iR3]:         -1         1         0

m1[iR1]-m3[iR3].norm(): 2.46
TYPE:: 0
iR1 << << iR3: 3  0
         0        -1         0
         0         0         0
m1[iR1]-m3[iR3]:          0        -1         0

m1[iR1]-m3[iR3].norm(): 2.46
TYPE:: 0
iR1 << << iR3: 4  0
         0         1         0
         0         0         0
m1[iR1]-m3[iR3]:          0         1         0

m1[iR1]-m3[iR3].norm(): 2.46
TYPE:: 0
iR1 << << iR3: 5  0
         1        -1         0
         0         0         0
m1[iR1]-m3[iR3]:          1        -1         0

m1[iR1]-m3[iR3].norm(): 2.46
TYPE:: 0
iR1 << << iR3: 6  0
         1         0         0
         0         0         0
m1[iR1]-m3[iR3]:          1         0         0

m1[iR1]-m3[iR3].norm(): 2.46
TYPE:: 0
simulation_test: /home/gcistaro/NEGF/header/Wannier/../mdContainers/mdContainers.cpp:113: int mdarray<T, dim>::oneDindex(Args ...) const [with Args = {int, int, int}; T = std::complex<double>; long unsigned int dim = 3]: Assertion `i[idim] >=0 && i[idim] < Size[idim]' failed.
<end of output>
Test time =   0.52 sec
----------------------------------------------------------
Test Failed.
"simulation_test" end time: Feb 26 12:29 CET
"simulation_test" time elapsed: 00:00:00
----------------------------------------------------------

End testing: Feb 26 12:29 CET
